<html>
<head>
<title>TestNG:  EDL_API_UAT_Testing_TestCases</title>
<link href="../testng.css" rel="stylesheet" type="text/css" />
<link href="../my-testng.css" rel="stylesheet" type="text/css" />

<style type="text/css">
.log { display: none;} 
.stack-trace { display: none;} 
</style>
<script type="text/javascript">
<!--
function flip(e) {
  current = e.style.display;
  if (current == 'block') {
    e.style.display = 'none';
    return 0;
  }
  else {
    e.style.display = 'block';
    return 1;
  }
}

function toggleBox(szDivId, elem, msg1, msg2)
{
  var res = -1;  if (document.getElementById) {
    res = flip(document.getElementById(szDivId));
  }
  else if (document.all) {
    // this is the way old msie versions work
    res = flip(document.all[szDivId]);
  }
  if(elem) {
    if(res == 0) elem.innerHTML = msg1; else elem.innerHTML = msg2;
  }

}

function toggleAllBoxes() {
  if (document.getElementsByTagName) {
    d = document.getElementsByTagName('div');
    for (i = 0; i < d.length; i++) {
      if (d[i].className == 'log') {
        flip(d[i]);
      }
    }
  }
}

// -->
</script>

</head>
<body>
<h2 align='center'>EDL_API_UAT_Testing_TestCases</h2><table border='1' align="center">
<tr>
<td>Tests passed/Failed/Skipped:</td><td>12/1/23</td>
</tr><tr>
<td>Started on:</td><td>Wed Dec 04 20:15:55 IST 2019</td>
</tr>
<tr><td>Total time:</td><td>1051 seconds (1051110 ms)</td>
</tr><tr>
<td>Included groups:</td><td></td>
</tr><tr>
<td>Excluded groups:</td><td></td>
</tr>
</table><p/>
<small><i>(Hover the method name to see the test class name)</i></small><p/>
<table width='100%' border='1' class='invocation-failed'>
<tr><td colspan='4' align='center'><b>FAILED CONFIGURATIONS</b></td></tr>
<tr><td><b>Test method</b></td>
<td width="30%"><b>Exception</b></td>
<td width="10%"><b>Time (seconds)</b></td>
<td><b>Instance</b></td>
</tr>
<tr>
<td title='com_edl_uat_api_testcases.TC006_shareclasses_id.getShareClassdetails()'><b>getShareClassdetails</b><br>Test class: com_edl_uat_api_testcases.TC006_shareclasses_id</td>
<td><div><pre>java.lang.NullPointerException
	at Lib.XLUtil.getCellData(XLUtil.java:88)
	at com_edl_uat_api_testcases.TC006_shareclasses_id.getShareClassdetails(TC006_shareclasses_id.java:35)
... Removed 26 stack frames</pre></div><a href='#' onClick='toggleBox("stack-trace27855745", this, "Click to show all stack frames", "Click to hide stack frames")'>Click to show all stack frames</a>
<div class='stack-trace' id='stack-trace27855745'><pre>java.lang.NullPointerException
	at Lib.XLUtil.getCellData(XLUtil.java:88)
	at com_edl_uat_api_testcases.TC006_shareclasses_id.getShareClassdetails(TC006_shareclasses_id.java:35)
	at sun.reflect.NativeMethodAccessorImpl.invoke0(Native Method)
	at sun.reflect.NativeMethodAccessorImpl.invoke(Unknown Source)
	at sun.reflect.DelegatingMethodAccessorImpl.invoke(Unknown Source)
	at java.lang.reflect.Method.invoke(Unknown Source)
	at org.testng.internal.MethodInvocationHelper.invokeMethod(MethodInvocationHelper.java:124)
	at org.testng.internal.MethodInvocationHelper.invokeMethodConsideringTimeout(MethodInvocationHelper.java:59)
	at org.testng.internal.Invoker.invokeConfigurationMethod(Invoker.java:455)
	at org.testng.internal.Invoker.invokeConfigurations(Invoker.java:222)
	at org.testng.internal.Invoker.invokeConfigurations(Invoker.java:142)
	at org.testng.internal.TestMethodWorker.invokeBeforeClassMethods(TestMethodWorker.java:168)
	at org.testng.internal.TestMethodWorker.run(TestMethodWorker.java:105)
	at org.testng.TestRunner.privateRun(TestRunner.java:648)
	at org.testng.TestRunner.run(TestRunner.java:505)
	at org.testng.SuiteRunner.runTest(SuiteRunner.java:455)
	at org.testng.SuiteRunner.runSequentially(SuiteRunner.java:450)
	at org.testng.SuiteRunner.privateRun(SuiteRunner.java:415)
	at org.testng.SuiteRunner.run(SuiteRunner.java:364)
	at org.testng.SuiteRunnerWorker.runSuite(SuiteRunnerWorker.java:52)
	at org.testng.SuiteRunnerWorker.run(SuiteRunnerWorker.java:84)
	at org.testng.TestNG.runSuitesSequentially(TestNG.java:1208)
	at org.testng.TestNG.runSuitesLocally(TestNG.java:1137)
	at org.testng.TestNG.runSuites(TestNG.java:1049)
	at org.testng.TestNG.run(TestNG.java:1017)
	at org.testng.remote.AbstractRemoteTestNG.run(AbstractRemoteTestNG.java:114)
	at org.testng.remote.RemoteTestNG.initAndRun(RemoteTestNG.java:251)
	at org.testng.remote.RemoteTestNG.main(RemoteTestNG.java:77)
</pre></div></td>
<td>47</td>
<td>com_edl_uat_api_testcases.TC006_shareclasses_id@bbfa04</td></tr>
<tr>
<td title='com_edl_uat_api_testcases.TC007_shareclasses_id_NAV.getShareclassdetail()'><b>getShareclassdetail</b><br>Test class: com_edl_uat_api_testcases.TC007_shareclasses_id_NAV</td>
<td><div><pre>java.lang.NullPointerException
	at Lib.XLUtil.getCellData(XLUtil.java:88)
	at com_edl_uat_api_testcases.TC007_shareclasses_id_NAV.getShareclassdetail(TC007_shareclasses_id_NAV.java:35)
... Removed 26 stack frames</pre></div><a href='#' onClick='toggleBox("stack-trace24624782", this, "Click to show all stack frames", "Click to hide stack frames")'>Click to show all stack frames</a>
<div class='stack-trace' id='stack-trace24624782'><pre>java.lang.NullPointerException
	at Lib.XLUtil.getCellData(XLUtil.java:88)
	at com_edl_uat_api_testcases.TC007_shareclasses_id_NAV.getShareclassdetail(TC007_shareclasses_id_NAV.java:35)
	at sun.reflect.NativeMethodAccessorImpl.invoke0(Native Method)
	at sun.reflect.NativeMethodAccessorImpl.invoke(Unknown Source)
	at sun.reflect.DelegatingMethodAccessorImpl.invoke(Unknown Source)
	at java.lang.reflect.Method.invoke(Unknown Source)
	at org.testng.internal.MethodInvocationHelper.invokeMethod(MethodInvocationHelper.java:124)
	at org.testng.internal.MethodInvocationHelper.invokeMethodConsideringTimeout(MethodInvocationHelper.java:59)
	at org.testng.internal.Invoker.invokeConfigurationMethod(Invoker.java:455)
	at org.testng.internal.Invoker.invokeConfigurations(Invoker.java:222)
	at org.testng.internal.Invoker.invokeConfigurations(Invoker.java:142)
	at org.testng.internal.TestMethodWorker.invokeBeforeClassMethods(TestMethodWorker.java:168)
	at org.testng.internal.TestMethodWorker.run(TestMethodWorker.java:105)
	at org.testng.TestRunner.privateRun(TestRunner.java:648)
	at org.testng.TestRunner.run(TestRunner.java:505)
	at org.testng.SuiteRunner.runTest(SuiteRunner.java:455)
	at org.testng.SuiteRunner.runSequentially(SuiteRunner.java:450)
	at org.testng.SuiteRunner.privateRun(SuiteRunner.java:415)
	at org.testng.SuiteRunner.run(SuiteRunner.java:364)
	at org.testng.SuiteRunnerWorker.runSuite(SuiteRunnerWorker.java:52)
	at org.testng.SuiteRunnerWorker.run(SuiteRunnerWorker.java:84)
	at org.testng.TestNG.runSuitesSequentially(TestNG.java:1208)
	at org.testng.TestNG.runSuitesLocally(TestNG.java:1137)
	at org.testng.TestNG.runSuites(TestNG.java:1049)
	at org.testng.TestNG.run(TestNG.java:1017)
	at org.testng.remote.AbstractRemoteTestNG.run(AbstractRemoteTestNG.java:114)
	at org.testng.remote.RemoteTestNG.initAndRun(RemoteTestNG.java:251)
	at org.testng.remote.RemoteTestNG.main(RemoteTestNG.java:77)
</pre></div></td>
<td>77</td>
<td>com_edl_uat_api_testcases.TC007_shareclasses_id_NAV@1fffcd7</td></tr>
<tr>
<td title='com_edl_uat_api_testcases.TC008_shareclasses_id_perf_standard.getshareclass_perf_standard()'><b>getshareclass_perf_standard</b><br>Test class: com_edl_uat_api_testcases.TC008_shareclasses_id_perf_standard</td>
<td><div><pre>java.lang.NullPointerException
	at Lib.XLUtil.getCellData(XLUtil.java:88)
	at com_edl_uat_api_testcases.TC008_shareclasses_id_perf_standard.getshareclass_perf_standard(TC008_shareclasses_id_perf_standard.java:35)
... Removed 26 stack frames</pre></div><a href='#' onClick='toggleBox("stack-trace23582747", this, "Click to show all stack frames", "Click to hide stack frames")'>Click to show all stack frames</a>
<div class='stack-trace' id='stack-trace23582747'><pre>java.lang.NullPointerException
	at Lib.XLUtil.getCellData(XLUtil.java:88)
	at com_edl_uat_api_testcases.TC008_shareclasses_id_perf_standard.getshareclass_perf_standard(TC008_shareclasses_id_perf_standard.java:35)
	at sun.reflect.NativeMethodAccessorImpl.invoke0(Native Method)
	at sun.reflect.NativeMethodAccessorImpl.invoke(Unknown Source)
	at sun.reflect.DelegatingMethodAccessorImpl.invoke(Unknown Source)
	at java.lang.reflect.Method.invoke(Unknown Source)
	at org.testng.internal.MethodInvocationHelper.invokeMethod(MethodInvocationHelper.java:124)
	at org.testng.internal.MethodInvocationHelper.invokeMethodConsideringTimeout(MethodInvocationHelper.java:59)
	at org.testng.internal.Invoker.invokeConfigurationMethod(Invoker.java:455)
	at org.testng.internal.Invoker.invokeConfigurations(Invoker.java:222)
	at org.testng.internal.Invoker.invokeConfigurations(Invoker.java:142)
	at org.testng.internal.TestMethodWorker.invokeBeforeClassMethods(TestMethodWorker.java:168)
	at org.testng.internal.TestMethodWorker.run(TestMethodWorker.java:105)
	at org.testng.TestRunner.privateRun(TestRunner.java:648)
	at org.testng.TestRunner.run(TestRunner.java:505)
	at org.testng.SuiteRunner.runTest(SuiteRunner.java:455)
	at org.testng.SuiteRunner.runSequentially(SuiteRunner.java:450)
	at org.testng.SuiteRunner.privateRun(SuiteRunner.java:415)
	at org.testng.SuiteRunner.run(SuiteRunner.java:364)
	at org.testng.SuiteRunnerWorker.runSuite(SuiteRunnerWorker.java:52)
	at org.testng.SuiteRunnerWorker.run(SuiteRunnerWorker.java:84)
	at org.testng.TestNG.runSuitesSequentially(TestNG.java:1208)
	at org.testng.TestNG.runSuitesLocally(TestNG.java:1137)
	at org.testng.TestNG.runSuites(TestNG.java:1049)
	at org.testng.TestNG.run(TestNG.java:1017)
	at org.testng.remote.AbstractRemoteTestNG.run(AbstractRemoteTestNG.java:114)
	at org.testng.remote.RemoteTestNG.initAndRun(RemoteTestNG.java:251)
	at org.testng.remote.RemoteTestNG.main(RemoteTestNG.java:77)
</pre></div></td>
<td>81</td>
<td>com_edl_uat_api_testcases.TC008_shareclasses_id_perf_standard@1ef45e3</td></tr>
<tr>
<td title='com_edl_uat_api_testcases.TC009_shareclasses_id_perf_rolling.shareclasses_id_perf_rolling()'><b>shareclasses_id_perf_rolling</b><br>Test class: com_edl_uat_api_testcases.TC009_shareclasses_id_perf_rolling</td>
<td><div><pre>java.lang.NullPointerException
	at Lib.XLUtil.getCellData(XLUtil.java:88)
	at com_edl_uat_api_testcases.TC009_shareclasses_id_perf_rolling.shareclasses_id_perf_rolling(TC009_shareclasses_id_perf_rolling.java:34)
... Removed 26 stack frames</pre></div><a href='#' onClick='toggleBox("stack-trace28240906", this, "Click to show all stack frames", "Click to hide stack frames")'>Click to show all stack frames</a>
<div class='stack-trace' id='stack-trace28240906'><pre>java.lang.NullPointerException
	at Lib.XLUtil.getCellData(XLUtil.java:88)
	at com_edl_uat_api_testcases.TC009_shareclasses_id_perf_rolling.shareclasses_id_perf_rolling(TC009_shareclasses_id_perf_rolling.java:34)
	at sun.reflect.NativeMethodAccessorImpl.invoke0(Native Method)
	at sun.reflect.NativeMethodAccessorImpl.invoke(Unknown Source)
	at sun.reflect.DelegatingMethodAccessorImpl.invoke(Unknown Source)
	at java.lang.reflect.Method.invoke(Unknown Source)
	at org.testng.internal.MethodInvocationHelper.invokeMethod(MethodInvocationHelper.java:124)
	at org.testng.internal.MethodInvocationHelper.invokeMethodConsideringTimeout(MethodInvocationHelper.java:59)
	at org.testng.internal.Invoker.invokeConfigurationMethod(Invoker.java:455)
	at org.testng.internal.Invoker.invokeConfigurations(Invoker.java:222)
	at org.testng.internal.Invoker.invokeConfigurations(Invoker.java:142)
	at org.testng.internal.TestMethodWorker.invokeBeforeClassMethods(TestMethodWorker.java:168)
	at org.testng.internal.TestMethodWorker.run(TestMethodWorker.java:105)
	at org.testng.TestRunner.privateRun(TestRunner.java:648)
	at org.testng.TestRunner.run(TestRunner.java:505)
	at org.testng.SuiteRunner.runTest(SuiteRunner.java:455)
	at org.testng.SuiteRunner.runSequentially(SuiteRunner.java:450)
	at org.testng.SuiteRunner.privateRun(SuiteRunner.java:415)
	at org.testng.SuiteRunner.run(SuiteRunner.java:364)
	at org.testng.SuiteRunnerWorker.runSuite(SuiteRunnerWorker.java:52)
	at org.testng.SuiteRunnerWorker.run(SuiteRunnerWorker.java:84)
	at org.testng.TestNG.runSuitesSequentially(TestNG.java:1208)
	at org.testng.TestNG.runSuitesLocally(TestNG.java:1137)
	at org.testng.TestNG.runSuites(TestNG.java:1049)
	at org.testng.TestNG.run(TestNG.java:1017)
	at org.testng.remote.AbstractRemoteTestNG.run(AbstractRemoteTestNG.java:114)
	at org.testng.remote.RemoteTestNG.initAndRun(RemoteTestNG.java:251)
	at org.testng.remote.RemoteTestNG.main(RemoteTestNG.java:77)
</pre></div></td>
<td>81</td>
<td>com_edl_uat_api_testcases.TC009_shareclasses_id_perf_rolling@18067a5</td></tr>
<tr>
<td title='com_edl_uat_api_testcases.TC0010_shareclasses_id_perf_growth.shareclasses_id_perf_growth()'><b>shareclasses_id_perf_growth</b><br>Test class: com_edl_uat_api_testcases.TC0010_shareclasses_id_perf_growth</td>
<td><div><pre>java.lang.NullPointerException
	at Lib.XLUtil.getCellData(XLUtil.java:88)
	at com_edl_uat_api_testcases.TC0010_shareclasses_id_perf_growth.shareclasses_id_perf_growth(TC0010_shareclasses_id_perf_growth.java:35)
... Removed 26 stack frames</pre></div><a href='#' onClick='toggleBox("stack-trace20627047", this, "Click to show all stack frames", "Click to hide stack frames")'>Click to show all stack frames</a>
<div class='stack-trace' id='stack-trace20627047'><pre>java.lang.NullPointerException
	at Lib.XLUtil.getCellData(XLUtil.java:88)
	at com_edl_uat_api_testcases.TC0010_shareclasses_id_perf_growth.shareclasses_id_perf_growth(TC0010_shareclasses_id_perf_growth.java:35)
	at sun.reflect.NativeMethodAccessorImpl.invoke0(Native Method)
	at sun.reflect.NativeMethodAccessorImpl.invoke(Unknown Source)
	at sun.reflect.DelegatingMethodAccessorImpl.invoke(Unknown Source)
	at java.lang.reflect.Method.invoke(Unknown Source)
	at org.testng.internal.MethodInvocationHelper.invokeMethod(MethodInvocationHelper.java:124)
	at org.testng.internal.MethodInvocationHelper.invokeMethodConsideringTimeout(MethodInvocationHelper.java:59)
	at org.testng.internal.Invoker.invokeConfigurationMethod(Invoker.java:455)
	at org.testng.internal.Invoker.invokeConfigurations(Invoker.java:222)
	at org.testng.internal.Invoker.invokeConfigurations(Invoker.java:142)
	at org.testng.internal.TestMethodWorker.invokeBeforeClassMethods(TestMethodWorker.java:168)
	at org.testng.internal.TestMethodWorker.run(TestMethodWorker.java:105)
	at org.testng.TestRunner.privateRun(TestRunner.java:648)
	at org.testng.TestRunner.run(TestRunner.java:505)
	at org.testng.SuiteRunner.runTest(SuiteRunner.java:455)
	at org.testng.SuiteRunner.runSequentially(SuiteRunner.java:450)
	at org.testng.SuiteRunner.privateRun(SuiteRunner.java:415)
	at org.testng.SuiteRunner.run(SuiteRunner.java:364)
	at org.testng.SuiteRunnerWorker.runSuite(SuiteRunnerWorker.java:52)
	at org.testng.SuiteRunnerWorker.run(SuiteRunnerWorker.java:84)
	at org.testng.TestNG.runSuitesSequentially(TestNG.java:1208)
	at org.testng.TestNG.runSuitesLocally(TestNG.java:1137)
	at org.testng.TestNG.runSuites(TestNG.java:1049)
	at org.testng.TestNG.run(TestNG.java:1017)
	at org.testng.remote.AbstractRemoteTestNG.run(AbstractRemoteTestNG.java:114)
	at org.testng.remote.RemoteTestNG.initAndRun(RemoteTestNG.java:251)
	at org.testng.remote.RemoteTestNG.main(RemoteTestNG.java:77)
</pre></div></td>
<td>83</td>
<td>com_edl_uat_api_testcases.TC0010_shareclasses_id_perf_growth@ecd4b</td></tr>
<tr>
<td title='com_edl_uat_api_testcases.TC0011_shareclasses_id_syn_Riskindicator.shareclasses_id_syn_Riskindicator()'><b>shareclasses_id_syn_Riskindicator</b><br>Test class: com_edl_uat_api_testcases.TC0011_shareclasses_id_syn_Riskindicator</td>
<td><div><pre>java.lang.NullPointerException
	at Lib.XLUtil.getCellData(XLUtil.java:88)
	at com_edl_uat_api_testcases.TC0011_shareclasses_id_syn_Riskindicator.shareclasses_id_syn_Riskindicator(TC0011_shareclasses_id_syn_Riskindicator.java:35)
... Removed 26 stack frames</pre></div><a href='#' onClick='toggleBox("stack-trace3446340", this, "Click to show all stack frames", "Click to hide stack frames")'>Click to show all stack frames</a>
<div class='stack-trace' id='stack-trace3446340'><pre>java.lang.NullPointerException
	at Lib.XLUtil.getCellData(XLUtil.java:88)
	at com_edl_uat_api_testcases.TC0011_shareclasses_id_syn_Riskindicator.shareclasses_id_syn_Riskindicator(TC0011_shareclasses_id_syn_Riskindicator.java:35)
	at sun.reflect.NativeMethodAccessorImpl.invoke0(Native Method)
	at sun.reflect.NativeMethodAccessorImpl.invoke(Unknown Source)
	at sun.reflect.DelegatingMethodAccessorImpl.invoke(Unknown Source)
	at java.lang.reflect.Method.invoke(Unknown Source)
	at org.testng.internal.MethodInvocationHelper.invokeMethod(MethodInvocationHelper.java:124)
	at org.testng.internal.MethodInvocationHelper.invokeMethodConsideringTimeout(MethodInvocationHelper.java:59)
	at org.testng.internal.Invoker.invokeConfigurationMethod(Invoker.java:455)
	at org.testng.internal.Invoker.invokeConfigurations(Invoker.java:222)
	at org.testng.internal.Invoker.invokeConfigurations(Invoker.java:142)
	at org.testng.internal.TestMethodWorker.invokeBeforeClassMethods(TestMethodWorker.java:168)
	at org.testng.internal.TestMethodWorker.run(TestMethodWorker.java:105)
	at org.testng.TestRunner.privateRun(TestRunner.java:648)
	at org.testng.TestRunner.run(TestRunner.java:505)
	at org.testng.SuiteRunner.runTest(SuiteRunner.java:455)
	at org.testng.SuiteRunner.runSequentially(SuiteRunner.java:450)
	at org.testng.SuiteRunner.privateRun(SuiteRunner.java:415)
	at org.testng.SuiteRunner.run(SuiteRunner.java:364)
	at org.testng.SuiteRunnerWorker.runSuite(SuiteRunnerWorker.java:52)
	at org.testng.SuiteRunnerWorker.run(SuiteRunnerWorker.java:84)
	at org.testng.TestNG.runSuitesSequentially(TestNG.java:1208)
	at org.testng.TestNG.runSuitesLocally(TestNG.java:1137)
	at org.testng.TestNG.runSuites(TestNG.java:1049)
	at org.testng.TestNG.run(TestNG.java:1017)
	at org.testng.remote.AbstractRemoteTestNG.run(AbstractRemoteTestNG.java:114)
	at org.testng.remote.RemoteTestNG.initAndRun(RemoteTestNG.java:251)
	at org.testng.remote.RemoteTestNG.main(RemoteTestNG.java:77)
</pre></div></td>
<td>76</td>
<td>com_edl_uat_api_testcases.TC0011_shareclasses_id_syn_Riskindicator@bf9759</td></tr>
<tr>
<td title='com_edl_uat_api_testcases.TC0012_shareclasses_id_rankings.shareclasses_id_rankings()'><b>shareclasses_id_rankings</b><br>Test class: com_edl_uat_api_testcases.TC0012_shareclasses_id_rankings</td>
<td><div><pre>java.lang.NullPointerException
	at Lib.XLUtil.getCellData(XLUtil.java:88)
	at com_edl_uat_api_testcases.TC0012_shareclasses_id_rankings.shareclasses_id_rankings(TC0012_shareclasses_id_rankings.java:34)
... Removed 26 stack frames</pre></div><a href='#' onClick='toggleBox("stack-trace22494667", this, "Click to show all stack frames", "Click to hide stack frames")'>Click to show all stack frames</a>
<div class='stack-trace' id='stack-trace22494667'><pre>java.lang.NullPointerException
	at Lib.XLUtil.getCellData(XLUtil.java:88)
	at com_edl_uat_api_testcases.TC0012_shareclasses_id_rankings.shareclasses_id_rankings(TC0012_shareclasses_id_rankings.java:34)
	at sun.reflect.NativeMethodAccessorImpl.invoke0(Native Method)
	at sun.reflect.NativeMethodAccessorImpl.invoke(Unknown Source)
	at sun.reflect.DelegatingMethodAccessorImpl.invoke(Unknown Source)
	at java.lang.reflect.Method.invoke(Unknown Source)
	at org.testng.internal.MethodInvocationHelper.invokeMethod(MethodInvocationHelper.java:124)
	at org.testng.internal.MethodInvocationHelper.invokeMethodConsideringTimeout(MethodInvocationHelper.java:59)
	at org.testng.internal.Invoker.invokeConfigurationMethod(Invoker.java:455)
	at org.testng.internal.Invoker.invokeConfigurations(Invoker.java:222)
	at org.testng.internal.Invoker.invokeConfigurations(Invoker.java:142)
	at org.testng.internal.TestMethodWorker.invokeBeforeClassMethods(TestMethodWorker.java:168)
	at org.testng.internal.TestMethodWorker.run(TestMethodWorker.java:105)
	at org.testng.TestRunner.privateRun(TestRunner.java:648)
	at org.testng.TestRunner.run(TestRunner.java:505)
	at org.testng.SuiteRunner.runTest(SuiteRunner.java:455)
	at org.testng.SuiteRunner.runSequentially(SuiteRunner.java:450)
	at org.testng.SuiteRunner.privateRun(SuiteRunner.java:415)
	at org.testng.SuiteRunner.run(SuiteRunner.java:364)
	at org.testng.SuiteRunnerWorker.runSuite(SuiteRunnerWorker.java:52)
	at org.testng.SuiteRunnerWorker.run(SuiteRunnerWorker.java:84)
	at org.testng.TestNG.runSuitesSequentially(TestNG.java:1208)
	at org.testng.TestNG.runSuitesLocally(TestNG.java:1137)
	at org.testng.TestNG.runSuites(TestNG.java:1049)
	at org.testng.TestNG.run(TestNG.java:1017)
	at org.testng.remote.AbstractRemoteTestNG.run(AbstractRemoteTestNG.java:114)
	at org.testng.remote.RemoteTestNG.initAndRun(RemoteTestNG.java:251)
	at org.testng.remote.RemoteTestNG.main(RemoteTestNG.java:77)
</pre></div></td>
<td>74</td>
<td>com_edl_uat_api_testcases.TC0012_shareclasses_id_rankings@1341870</td></tr>
<tr>
<td title='com_edl_uat_api_testcases.TC0013_shareclasses_id_ratings.shareclasses_id_ratings()'><b>shareclasses_id_ratings</b><br>Test class: com_edl_uat_api_testcases.TC0013_shareclasses_id_ratings</td>
<td><div><pre>java.lang.NullPointerException
	at Lib.XLUtil.getCellData(XLUtil.java:88)
	at com_edl_uat_api_testcases.TC0013_shareclasses_id_ratings.shareclasses_id_ratings(TC0013_shareclasses_id_ratings.java:35)
... Removed 26 stack frames</pre></div><a href='#' onClick='toggleBox("stack-trace26201576", this, "Click to show all stack frames", "Click to hide stack frames")'>Click to show all stack frames</a>
<div class='stack-trace' id='stack-trace26201576'><pre>java.lang.NullPointerException
	at Lib.XLUtil.getCellData(XLUtil.java:88)
	at com_edl_uat_api_testcases.TC0013_shareclasses_id_ratings.shareclasses_id_ratings(TC0013_shareclasses_id_ratings.java:35)
	at sun.reflect.NativeMethodAccessorImpl.invoke0(Native Method)
	at sun.reflect.NativeMethodAccessorImpl.invoke(Unknown Source)
	at sun.reflect.DelegatingMethodAccessorImpl.invoke(Unknown Source)
	at java.lang.reflect.Method.invoke(Unknown Source)
	at org.testng.internal.MethodInvocationHelper.invokeMethod(MethodInvocationHelper.java:124)
	at org.testng.internal.MethodInvocationHelper.invokeMethodConsideringTimeout(MethodInvocationHelper.java:59)
	at org.testng.internal.Invoker.invokeConfigurationMethod(Invoker.java:455)
	at org.testng.internal.Invoker.invokeConfigurations(Invoker.java:222)
	at org.testng.internal.Invoker.invokeConfigurations(Invoker.java:142)
	at org.testng.internal.TestMethodWorker.invokeBeforeClassMethods(TestMethodWorker.java:168)
	at org.testng.internal.TestMethodWorker.run(TestMethodWorker.java:105)
	at org.testng.TestRunner.privateRun(TestRunner.java:648)
	at org.testng.TestRunner.run(TestRunner.java:505)
	at org.testng.SuiteRunner.runTest(SuiteRunner.java:455)
	at org.testng.SuiteRunner.runSequentially(SuiteRunner.java:450)
	at org.testng.SuiteRunner.privateRun(SuiteRunner.java:415)
	at org.testng.SuiteRunner.run(SuiteRunner.java:364)
	at org.testng.SuiteRunnerWorker.runSuite(SuiteRunnerWorker.java:52)
	at org.testng.SuiteRunnerWorker.run(SuiteRunnerWorker.java:84)
	at org.testng.TestNG.runSuitesSequentially(TestNG.java:1208)
	at org.testng.TestNG.runSuitesLocally(TestNG.java:1137)
	at org.testng.TestNG.runSuites(TestNG.java:1049)
	at org.testng.TestNG.run(TestNG.java:1017)
	at org.testng.remote.AbstractRemoteTestNG.run(AbstractRemoteTestNG.java:114)
	at org.testng.remote.RemoteTestNG.initAndRun(RemoteTestNG.java:251)
	at org.testng.remote.RemoteTestNG.main(RemoteTestNG.java:77)
</pre></div></td>
<td>75</td>
<td>com_edl_uat_api_testcases.TC0013_shareclasses_id_ratings@153f17c</td></tr>
</table><p>
<table width='100%' border='1' class='invocation-skipped'>
<tr><td colspan='4' align='center'><b>SKIPPED CONFIGURATIONS</b></td></tr>
<tr><td><b>Test method</b></td>
<td width="30%"><b>Exception</b></td>
<td width="10%"><b>Time (seconds)</b></td>
<td><b>Instance</b></td>
</tr>
<tr>
<td title='com_edl_uat_api_testcases.TC006_shareclasses_id.tearDown()'><b>tearDown</b><br>Test class: com_edl_uat_api_testcases.TC006_shareclasses_id</td>
<td></td>
<td>0</td>
<td>com_edl_uat_api_testcases.TC006_shareclasses_id@bbfa04</td></tr>
<tr>
<td title='com_edl_uat_api_testcases.TC007_shareclasses_id_NAV.tearDown()'><b>tearDown</b><br>Test class: com_edl_uat_api_testcases.TC007_shareclasses_id_NAV</td>
<td></td>
<td>0</td>
<td>com_edl_uat_api_testcases.TC007_shareclasses_id_NAV@1fffcd7</td></tr>
<tr>
<td title='com_edl_uat_api_testcases.TC008_shareclasses_id_perf_standard.tearDown()'><b>tearDown</b><br>Test class: com_edl_uat_api_testcases.TC008_shareclasses_id_perf_standard</td>
<td></td>
<td>0</td>
<td>com_edl_uat_api_testcases.TC008_shareclasses_id_perf_standard@1ef45e3</td></tr>
<tr>
<td title='com_edl_uat_api_testcases.TC009_shareclasses_id_perf_rolling.tearDown()'><b>tearDown</b><br>Test class: com_edl_uat_api_testcases.TC009_shareclasses_id_perf_rolling</td>
<td></td>
<td>0</td>
<td>com_edl_uat_api_testcases.TC009_shareclasses_id_perf_rolling@18067a5</td></tr>
<tr>
<td title='com_edl_uat_api_testcases.TC0010_shareclasses_id_perf_growth.tearDown()'><b>tearDown</b><br>Test class: com_edl_uat_api_testcases.TC0010_shareclasses_id_perf_growth</td>
<td></td>
<td>0</td>
<td>com_edl_uat_api_testcases.TC0010_shareclasses_id_perf_growth@ecd4b</td></tr>
<tr>
<td title='com_edl_uat_api_testcases.TC0011_shareclasses_id_syn_Riskindicator.tearDown()'><b>tearDown</b><br>Test class: com_edl_uat_api_testcases.TC0011_shareclasses_id_syn_Riskindicator</td>
<td></td>
<td>0</td>
<td>com_edl_uat_api_testcases.TC0011_shareclasses_id_syn_Riskindicator@bf9759</td></tr>
<tr>
<td title='com_edl_uat_api_testcases.TC0012_shareclasses_id_rankings.tearDown()'><b>tearDown</b><br>Test class: com_edl_uat_api_testcases.TC0012_shareclasses_id_rankings</td>
<td></td>
<td>0</td>
<td>com_edl_uat_api_testcases.TC0012_shareclasses_id_rankings@1341870</td></tr>
<tr>
<td title='com_edl_uat_api_testcases.TC0013_shareclasses_id_ratings.tearDown()'><b>tearDown</b><br>Test class: com_edl_uat_api_testcases.TC0013_shareclasses_id_ratings</td>
<td></td>
<td>0</td>
<td>com_edl_uat_api_testcases.TC0013_shareclasses_id_ratings@153f17c</td></tr>
</table><p>
<table width='100%' border='1' class='invocation-failed'>
<tr><td colspan='4' align='center'><b>FAILED TESTS</b></td></tr>
<tr><td><b>Test method</b></td>
<td width="30%"><b>Exception</b></td>
<td width="10%"><b>Time (seconds)</b></td>
<td><b>Instance</b></td>
</tr>
<tr>
<td title='com_edl_uat_api_testcases.TC004_accounts_id_analystics.checkStatusCode()'><b>checkStatusCode</b><br>Test class: com_edl_uat_api_testcases.TC004_accounts_id_analystics</td>
<td><div><pre>java.lang.AssertionError: expected [200] but found [404]
	at com_edl_uat_api_testcases.TC004_accounts_id_analystics.checkStatusCode(TC004_accounts_id_analystics.java:94)
... Removed 31 stack frames</pre></div><a href='#' onClick='toggleBox("stack-trace23908832", this, "Click to show all stack frames", "Click to hide stack frames")'>Click to show all stack frames</a>
<div class='stack-trace' id='stack-trace23908832'><pre>java.lang.AssertionError: expected [200] but found [404]
	at org.testng.Assert.fail(Assert.java:96)
	at org.testng.Assert.failNotEquals(Assert.java:776)
	at org.testng.Assert.assertEqualsImpl(Assert.java:137)
	at org.testng.Assert.assertEquals(Assert.java:118)
	at org.testng.Assert.assertEquals(Assert.java:652)
	at org.testng.Assert.assertEquals(Assert.java:662)
	at com_edl_uat_api_testcases.TC004_accounts_id_analystics.checkStatusCode(TC004_accounts_id_analystics.java:94)
	at sun.reflect.NativeMethodAccessorImpl.invoke0(Native Method)
	at sun.reflect.NativeMethodAccessorImpl.invoke(Unknown Source)
	at sun.reflect.DelegatingMethodAccessorImpl.invoke(Unknown Source)
	at java.lang.reflect.Method.invoke(Unknown Source)
	at org.testng.internal.MethodInvocationHelper.invokeMethod(MethodInvocationHelper.java:124)
	at org.testng.internal.Invoker.invokeMethod(Invoker.java:580)
	at org.testng.internal.Invoker.invokeTestMethod(Invoker.java:716)
	at org.testng.internal.Invoker.invokeTestMethods(Invoker.java:988)
	at org.testng.internal.TestMethodWorker.invokeTestMethods(TestMethodWorker.java:125)
	at org.testng.internal.TestMethodWorker.run(TestMethodWorker.java:109)
	at org.testng.TestRunner.privateRun(TestRunner.java:648)
	at org.testng.TestRunner.run(TestRunner.java:505)
	at org.testng.SuiteRunner.runTest(SuiteRunner.java:455)
	at org.testng.SuiteRunner.runSequentially(SuiteRunner.java:450)
	at org.testng.SuiteRunner.privateRun(SuiteRunner.java:415)
	at org.testng.SuiteRunner.run(SuiteRunner.java:364)
	at org.testng.SuiteRunnerWorker.runSuite(SuiteRunnerWorker.java:52)
	at org.testng.SuiteRunnerWorker.run(SuiteRunnerWorker.java:84)
	at org.testng.TestNG.runSuitesSequentially(TestNG.java:1208)
	at org.testng.TestNG.runSuitesLocally(TestNG.java:1137)
	at org.testng.TestNG.runSuites(TestNG.java:1049)
	at org.testng.TestNG.run(TestNG.java:1017)
	at org.testng.remote.AbstractRemoteTestNG.run(AbstractRemoteTestNG.java:114)
	at org.testng.remote.RemoteTestNG.initAndRun(RemoteTestNG.java:251)
	at org.testng.remote.RemoteTestNG.main(RemoteTestNG.java:77)
</pre></div></td>
<td>0</td>
<td>com_edl_uat_api_testcases.TC004_accounts_id_analystics@19963d8</td></tr>
</table><p>
<table width='100%' border='1' class='invocation-passed'>
<tr><td colspan='4' align='center'><b>PASSED TESTS</b></td></tr>
<tr><td><b>Test method</b></td>
<td width="30%"><b>Exception</b></td>
<td width="10%"><b>Time (seconds)</b></td>
<td><b>Instance</b></td>
</tr>
<tr>
<td title='com_edl_uat_api_testcases.TC001_accounts_id.ExtractallData()'><b>ExtractallData</b><br>Test class: com_edl_uat_api_testcases.TC001_accounts_id</td>
<td></td>
<td>0</td>
<td>com_edl_uat_api_testcases.TC001_accounts_id@4bee09</td></tr>
<tr>
<td title='com_edl_uat_api_testcases.TC002_accounts_id_weightedholdings.ExtractallData()'><b>ExtractallData</b><br>Test class: com_edl_uat_api_testcases.TC002_accounts_id_weightedholdings</td>
<td></td>
<td>0</td>
<td>com_edl_uat_api_testcases.TC002_accounts_id_weightedholdings@16c48ac</td></tr>
<tr>
<td title='com_edl_uat_api_testcases.TC003_accounts_id_holdings.ExtractallData()'><b>ExtractallData</b><br>Test class: com_edl_uat_api_testcases.TC003_accounts_id_holdings</td>
<td></td>
<td>0</td>
<td>com_edl_uat_api_testcases.TC003_accounts_id_holdings@1deb50e</td></tr>
<tr>
<td title='com_edl_uat_api_testcases.TC004_accounts_id_analystics.ExtractallData()'><b>ExtractallData</b><br>Test class: com_edl_uat_api_testcases.TC004_accounts_id_analystics</td>
<td></td>
<td>3</td>
<td>com_edl_uat_api_testcases.TC004_accounts_id_analystics@19963d8</td></tr>
<tr>
<td title='com_edl_uat_api_testcases.TC000_Token_Generation.RegisteredSuccesful()'><b>RegisteredSuccesful</b><br>Test class: com_edl_uat_api_testcases.TC000_Token_Generation</td>
<td></td>
<td>5</td>
<td>com_edl_uat_api_testcases.TC000_Token_Generation@ebc39e</td></tr>
<tr>
<td title='com_edl_uat_api_testcases.TC001_accounts_id.checkResponseBody()'><b>checkResponseBody</b><br>Test class: com_edl_uat_api_testcases.TC001_accounts_id</td>
<td></td>
<td>0</td>
<td>com_edl_uat_api_testcases.TC001_accounts_id@4bee09</td></tr>
<tr>
<td title='com_edl_uat_api_testcases.TC002_accounts_id_weightedholdings.checkResponseBody()'><b>checkResponseBody</b><br>Test class: com_edl_uat_api_testcases.TC002_accounts_id_weightedholdings</td>
<td></td>
<td>0</td>
<td>com_edl_uat_api_testcases.TC002_accounts_id_weightedholdings@16c48ac</td></tr>
<tr>
<td title='com_edl_uat_api_testcases.TC003_accounts_id_holdings.checkResponseBody()'><b>checkResponseBody</b><br>Test class: com_edl_uat_api_testcases.TC003_accounts_id_holdings</td>
<td></td>
<td>0</td>
<td>com_edl_uat_api_testcases.TC003_accounts_id_holdings@1deb50e</td></tr>
<tr>
<td title='com_edl_uat_api_testcases.TC004_accounts_id_analystics.checkResponseBody()'><b>checkResponseBody</b><br>Test class: com_edl_uat_api_testcases.TC004_accounts_id_analystics</td>
<td></td>
<td>0</td>
<td>com_edl_uat_api_testcases.TC004_accounts_id_analystics@19963d8</td></tr>
<tr>
<td title='com_edl_uat_api_testcases.TC001_accounts_id.checkStatusCode()'><b>checkStatusCode</b><br>Test class: com_edl_uat_api_testcases.TC001_accounts_id</td>
<td></td>
<td>0</td>
<td>com_edl_uat_api_testcases.TC001_accounts_id@4bee09</td></tr>
<tr>
<td title='com_edl_uat_api_testcases.TC002_accounts_id_weightedholdings.checkStatusCode()'><b>checkStatusCode</b><br>Test class: com_edl_uat_api_testcases.TC002_accounts_id_weightedholdings</td>
<td></td>
<td>0</td>
<td>com_edl_uat_api_testcases.TC002_accounts_id_weightedholdings@16c48ac</td></tr>
<tr>
<td title='com_edl_uat_api_testcases.TC003_accounts_id_holdings.checkStatusCode()'><b>checkStatusCode</b><br>Test class: com_edl_uat_api_testcases.TC003_accounts_id_holdings</td>
<td></td>
<td>0</td>
<td>com_edl_uat_api_testcases.TC003_accounts_id_holdings@1deb50e</td></tr>
</table><p>
<table width='100%' border='1' class='invocation-skipped'>
<tr><td colspan='4' align='center'><b>SKIPPED TESTS</b></td></tr>
<tr><td><b>Test method</b></td>
<td width="30%"><b>Exception</b></td>
<td width="10%"><b>Time (seconds)</b></td>
<td><b>Instance</b></td>
</tr>
<tr>
<td title='com_edl_uat_api_testcases.TC006_shareclasses_id.ExtractallData()'><b>ExtractallData</b><br>Test class: com_edl_uat_api_testcases.TC006_shareclasses_id</td>
<td><div><pre>java.lang.NullPointerException
	at Lib.XLUtil.getCellData(XLUtil.java:88)
	at com_edl_uat_api_testcases.TC006_shareclasses_id.getShareClassdetails(TC006_shareclasses_id.java:35)
... Removed 26 stack frames</pre></div><a href='#' onClick='toggleBox("stack-trace10669406", this, "Click to show all stack frames", "Click to hide stack frames")'>Click to show all stack frames</a>
<div class='stack-trace' id='stack-trace10669406'><pre>java.lang.NullPointerException
	at Lib.XLUtil.getCellData(XLUtil.java:88)
	at com_edl_uat_api_testcases.TC006_shareclasses_id.getShareClassdetails(TC006_shareclasses_id.java:35)
	at sun.reflect.NativeMethodAccessorImpl.invoke0(Native Method)
	at sun.reflect.NativeMethodAccessorImpl.invoke(Unknown Source)
	at sun.reflect.DelegatingMethodAccessorImpl.invoke(Unknown Source)
	at java.lang.reflect.Method.invoke(Unknown Source)
	at org.testng.internal.MethodInvocationHelper.invokeMethod(MethodInvocationHelper.java:124)
	at org.testng.internal.MethodInvocationHelper.invokeMethodConsideringTimeout(MethodInvocationHelper.java:59)
	at org.testng.internal.Invoker.invokeConfigurationMethod(Invoker.java:455)
	at org.testng.internal.Invoker.invokeConfigurations(Invoker.java:222)
	at org.testng.internal.Invoker.invokeConfigurations(Invoker.java:142)
	at org.testng.internal.TestMethodWorker.invokeBeforeClassMethods(TestMethodWorker.java:168)
	at org.testng.internal.TestMethodWorker.run(TestMethodWorker.java:105)
	at org.testng.TestRunner.privateRun(TestRunner.java:648)
	at org.testng.TestRunner.run(TestRunner.java:505)
	at org.testng.SuiteRunner.runTest(SuiteRunner.java:455)
	at org.testng.SuiteRunner.runSequentially(SuiteRunner.java:450)
	at org.testng.SuiteRunner.privateRun(SuiteRunner.java:415)
	at org.testng.SuiteRunner.run(SuiteRunner.java:364)
	at org.testng.SuiteRunnerWorker.runSuite(SuiteRunnerWorker.java:52)
	at org.testng.SuiteRunnerWorker.run(SuiteRunnerWorker.java:84)
	at org.testng.TestNG.runSuitesSequentially(TestNG.java:1208)
	at org.testng.TestNG.runSuitesLocally(TestNG.java:1137)
	at org.testng.TestNG.runSuites(TestNG.java:1049)
	at org.testng.TestNG.run(TestNG.java:1017)
	at org.testng.remote.AbstractRemoteTestNG.run(AbstractRemoteTestNG.java:114)
	at org.testng.remote.RemoteTestNG.initAndRun(RemoteTestNG.java:251)
	at org.testng.remote.RemoteTestNG.main(RemoteTestNG.java:77)
</pre></div></td>
<td>0</td>
<td>com_edl_uat_api_testcases.TC006_shareclasses_id@bbfa04</td></tr>
<tr>
<td title='com_edl_uat_api_testcases.TC007_shareclasses_id_NAV.ExtractallData()'><b>ExtractallData</b><br>Test class: com_edl_uat_api_testcases.TC007_shareclasses_id_NAV</td>
<td><div><pre>java.lang.NullPointerException
	at Lib.XLUtil.getCellData(XLUtil.java:88)
	at com_edl_uat_api_testcases.TC007_shareclasses_id_NAV.getShareclassdetail(TC007_shareclasses_id_NAV.java:35)
... Removed 26 stack frames</pre></div><a href='#' onClick='toggleBox("stack-trace11655485", this, "Click to show all stack frames", "Click to hide stack frames")'>Click to show all stack frames</a>
<div class='stack-trace' id='stack-trace11655485'><pre>java.lang.NullPointerException
	at Lib.XLUtil.getCellData(XLUtil.java:88)
	at com_edl_uat_api_testcases.TC007_shareclasses_id_NAV.getShareclassdetail(TC007_shareclasses_id_NAV.java:35)
	at sun.reflect.NativeMethodAccessorImpl.invoke0(Native Method)
	at sun.reflect.NativeMethodAccessorImpl.invoke(Unknown Source)
	at sun.reflect.DelegatingMethodAccessorImpl.invoke(Unknown Source)
	at java.lang.reflect.Method.invoke(Unknown Source)
	at org.testng.internal.MethodInvocationHelper.invokeMethod(MethodInvocationHelper.java:124)
	at org.testng.internal.MethodInvocationHelper.invokeMethodConsideringTimeout(MethodInvocationHelper.java:59)
	at org.testng.internal.Invoker.invokeConfigurationMethod(Invoker.java:455)
	at org.testng.internal.Invoker.invokeConfigurations(Invoker.java:222)
	at org.testng.internal.Invoker.invokeConfigurations(Invoker.java:142)
	at org.testng.internal.TestMethodWorker.invokeBeforeClassMethods(TestMethodWorker.java:168)
	at org.testng.internal.TestMethodWorker.run(TestMethodWorker.java:105)
	at org.testng.TestRunner.privateRun(TestRunner.java:648)
	at org.testng.TestRunner.run(TestRunner.java:505)
	at org.testng.SuiteRunner.runTest(SuiteRunner.java:455)
	at org.testng.SuiteRunner.runSequentially(SuiteRunner.java:450)
	at org.testng.SuiteRunner.privateRun(SuiteRunner.java:415)
	at org.testng.SuiteRunner.run(SuiteRunner.java:364)
	at org.testng.SuiteRunnerWorker.runSuite(SuiteRunnerWorker.java:52)
	at org.testng.SuiteRunnerWorker.run(SuiteRunnerWorker.java:84)
	at org.testng.TestNG.runSuitesSequentially(TestNG.java:1208)
	at org.testng.TestNG.runSuitesLocally(TestNG.java:1137)
	at org.testng.TestNG.runSuites(TestNG.java:1049)
	at org.testng.TestNG.run(TestNG.java:1017)
	at org.testng.remote.AbstractRemoteTestNG.run(AbstractRemoteTestNG.java:114)
	at org.testng.remote.RemoteTestNG.initAndRun(RemoteTestNG.java:251)
	at org.testng.remote.RemoteTestNG.main(RemoteTestNG.java:77)
</pre></div></td>
<td>0</td>
<td>com_edl_uat_api_testcases.TC007_shareclasses_id_NAV@1fffcd7</td></tr>
<tr>
<td title='com_edl_uat_api_testcases.TC008_shareclasses_id_perf_standard.ExtractallData()'><b>ExtractallData</b><br>Test class: com_edl_uat_api_testcases.TC008_shareclasses_id_perf_standard</td>
<td><div><pre>java.lang.NullPointerException
	at Lib.XLUtil.getCellData(XLUtil.java:88)
	at com_edl_uat_api_testcases.TC008_shareclasses_id_perf_standard.getshareclass_perf_standard(TC008_shareclasses_id_perf_standard.java:35)
... Removed 26 stack frames</pre></div><a href='#' onClick='toggleBox("stack-trace16565731", this, "Click to show all stack frames", "Click to hide stack frames")'>Click to show all stack frames</a>
<div class='stack-trace' id='stack-trace16565731'><pre>java.lang.NullPointerException
	at Lib.XLUtil.getCellData(XLUtil.java:88)
	at com_edl_uat_api_testcases.TC008_shareclasses_id_perf_standard.getshareclass_perf_standard(TC008_shareclasses_id_perf_standard.java:35)
	at sun.reflect.NativeMethodAccessorImpl.invoke0(Native Method)
	at sun.reflect.NativeMethodAccessorImpl.invoke(Unknown Source)
	at sun.reflect.DelegatingMethodAccessorImpl.invoke(Unknown Source)
	at java.lang.reflect.Method.invoke(Unknown Source)
	at org.testng.internal.MethodInvocationHelper.invokeMethod(MethodInvocationHelper.java:124)
	at org.testng.internal.MethodInvocationHelper.invokeMethodConsideringTimeout(MethodInvocationHelper.java:59)
	at org.testng.internal.Invoker.invokeConfigurationMethod(Invoker.java:455)
	at org.testng.internal.Invoker.invokeConfigurations(Invoker.java:222)
	at org.testng.internal.Invoker.invokeConfigurations(Invoker.java:142)
	at org.testng.internal.TestMethodWorker.invokeBeforeClassMethods(TestMethodWorker.java:168)
	at org.testng.internal.TestMethodWorker.run(TestMethodWorker.java:105)
	at org.testng.TestRunner.privateRun(TestRunner.java:648)
	at org.testng.TestRunner.run(TestRunner.java:505)
	at org.testng.SuiteRunner.runTest(SuiteRunner.java:455)
	at org.testng.SuiteRunner.runSequentially(SuiteRunner.java:450)
	at org.testng.SuiteRunner.privateRun(SuiteRunner.java:415)
	at org.testng.SuiteRunner.run(SuiteRunner.java:364)
	at org.testng.SuiteRunnerWorker.runSuite(SuiteRunnerWorker.java:52)
	at org.testng.SuiteRunnerWorker.run(SuiteRunnerWorker.java:84)
	at org.testng.TestNG.runSuitesSequentially(TestNG.java:1208)
	at org.testng.TestNG.runSuitesLocally(TestNG.java:1137)
	at org.testng.TestNG.runSuites(TestNG.java:1049)
	at org.testng.TestNG.run(TestNG.java:1017)
	at org.testng.remote.AbstractRemoteTestNG.run(AbstractRemoteTestNG.java:114)
	at org.testng.remote.RemoteTestNG.initAndRun(RemoteTestNG.java:251)
	at org.testng.remote.RemoteTestNG.main(RemoteTestNG.java:77)
</pre></div></td>
<td>0</td>
<td>com_edl_uat_api_testcases.TC008_shareclasses_id_perf_standard@1ef45e3</td></tr>
<tr>
<td title='com_edl_uat_api_testcases.TC009_shareclasses_id_perf_rolling.ExtractallData()'><b>ExtractallData</b><br>Test class: com_edl_uat_api_testcases.TC009_shareclasses_id_perf_rolling</td>
<td><div><pre>java.lang.NullPointerException
	at Lib.XLUtil.getCellData(XLUtil.java:88)
	at com_edl_uat_api_testcases.TC009_shareclasses_id_perf_rolling.shareclasses_id_perf_rolling(TC009_shareclasses_id_perf_rolling.java:34)
... Removed 26 stack frames</pre></div><a href='#' onClick='toggleBox("stack-trace31622769", this, "Click to show all stack frames", "Click to hide stack frames")'>Click to show all stack frames</a>
<div class='stack-trace' id='stack-trace31622769'><pre>java.lang.NullPointerException
	at Lib.XLUtil.getCellData(XLUtil.java:88)
	at com_edl_uat_api_testcases.TC009_shareclasses_id_perf_rolling.shareclasses_id_perf_rolling(TC009_shareclasses_id_perf_rolling.java:34)
	at sun.reflect.NativeMethodAccessorImpl.invoke0(Native Method)
	at sun.reflect.NativeMethodAccessorImpl.invoke(Unknown Source)
	at sun.reflect.DelegatingMethodAccessorImpl.invoke(Unknown Source)
	at java.lang.reflect.Method.invoke(Unknown Source)
	at org.testng.internal.MethodInvocationHelper.invokeMethod(MethodInvocationHelper.java:124)
	at org.testng.internal.MethodInvocationHelper.invokeMethodConsideringTimeout(MethodInvocationHelper.java:59)
	at org.testng.internal.Invoker.invokeConfigurationMethod(Invoker.java:455)
	at org.testng.internal.Invoker.invokeConfigurations(Invoker.java:222)
	at org.testng.internal.Invoker.invokeConfigurations(Invoker.java:142)
	at org.testng.internal.TestMethodWorker.invokeBeforeClassMethods(TestMethodWorker.java:168)
	at org.testng.internal.TestMethodWorker.run(TestMethodWorker.java:105)
	at org.testng.TestRunner.privateRun(TestRunner.java:648)
	at org.testng.TestRunner.run(TestRunner.java:505)
	at org.testng.SuiteRunner.runTest(SuiteRunner.java:455)
	at org.testng.SuiteRunner.runSequentially(SuiteRunner.java:450)
	at org.testng.SuiteRunner.privateRun(SuiteRunner.java:415)
	at org.testng.SuiteRunner.run(SuiteRunner.java:364)
	at org.testng.SuiteRunnerWorker.runSuite(SuiteRunnerWorker.java:52)
	at org.testng.SuiteRunnerWorker.run(SuiteRunnerWorker.java:84)
	at org.testng.TestNG.runSuitesSequentially(TestNG.java:1208)
	at org.testng.TestNG.runSuitesLocally(TestNG.java:1137)
	at org.testng.TestNG.runSuites(TestNG.java:1049)
	at org.testng.TestNG.run(TestNG.java:1017)
	at org.testng.remote.AbstractRemoteTestNG.run(AbstractRemoteTestNG.java:114)
	at org.testng.remote.RemoteTestNG.initAndRun(RemoteTestNG.java:251)
	at org.testng.remote.RemoteTestNG.main(RemoteTestNG.java:77)
</pre></div></td>
<td>0</td>
<td>com_edl_uat_api_testcases.TC009_shareclasses_id_perf_rolling@18067a5</td></tr>
<tr>
<td title='com_edl_uat_api_testcases.TC0010_shareclasses_id_perf_growth.ExtractallData()'><b>ExtractallData</b><br>Test class: com_edl_uat_api_testcases.TC0010_shareclasses_id_perf_growth</td>
<td><div><pre>java.lang.NullPointerException
	at Lib.XLUtil.getCellData(XLUtil.java:88)
	at com_edl_uat_api_testcases.TC0010_shareclasses_id_perf_growth.shareclasses_id_perf_growth(TC0010_shareclasses_id_perf_growth.java:35)
... Removed 26 stack frames</pre></div><a href='#' onClick='toggleBox("stack-trace20523450", this, "Click to show all stack frames", "Click to hide stack frames")'>Click to show all stack frames</a>
<div class='stack-trace' id='stack-trace20523450'><pre>java.lang.NullPointerException
	at Lib.XLUtil.getCellData(XLUtil.java:88)
	at com_edl_uat_api_testcases.TC0010_shareclasses_id_perf_growth.shareclasses_id_perf_growth(TC0010_shareclasses_id_perf_growth.java:35)
	at sun.reflect.NativeMethodAccessorImpl.invoke0(Native Method)
	at sun.reflect.NativeMethodAccessorImpl.invoke(Unknown Source)
	at sun.reflect.DelegatingMethodAccessorImpl.invoke(Unknown Source)
	at java.lang.reflect.Method.invoke(Unknown Source)
	at org.testng.internal.MethodInvocationHelper.invokeMethod(MethodInvocationHelper.java:124)
	at org.testng.internal.MethodInvocationHelper.invokeMethodConsideringTimeout(MethodInvocationHelper.java:59)
	at org.testng.internal.Invoker.invokeConfigurationMethod(Invoker.java:455)
	at org.testng.internal.Invoker.invokeConfigurations(Invoker.java:222)
	at org.testng.internal.Invoker.invokeConfigurations(Invoker.java:142)
	at org.testng.internal.TestMethodWorker.invokeBeforeClassMethods(TestMethodWorker.java:168)
	at org.testng.internal.TestMethodWorker.run(TestMethodWorker.java:105)
	at org.testng.TestRunner.privateRun(TestRunner.java:648)
	at org.testng.TestRunner.run(TestRunner.java:505)
	at org.testng.SuiteRunner.runTest(SuiteRunner.java:455)
	at org.testng.SuiteRunner.runSequentially(SuiteRunner.java:450)
	at org.testng.SuiteRunner.privateRun(SuiteRunner.java:415)
	at org.testng.SuiteRunner.run(SuiteRunner.java:364)
	at org.testng.SuiteRunnerWorker.runSuite(SuiteRunnerWorker.java:52)
	at org.testng.SuiteRunnerWorker.run(SuiteRunnerWorker.java:84)
	at org.testng.TestNG.runSuitesSequentially(TestNG.java:1208)
	at org.testng.TestNG.runSuitesLocally(TestNG.java:1137)
	at org.testng.TestNG.runSuites(TestNG.java:1049)
	at org.testng.TestNG.run(TestNG.java:1017)
	at org.testng.remote.AbstractRemoteTestNG.run(AbstractRemoteTestNG.java:114)
	at org.testng.remote.RemoteTestNG.initAndRun(RemoteTestNG.java:251)
	at org.testng.remote.RemoteTestNG.main(RemoteTestNG.java:77)
</pre></div></td>
<td>0</td>
<td>com_edl_uat_api_testcases.TC0010_shareclasses_id_perf_growth@ecd4b</td></tr>
<tr>
<td title='com_edl_uat_api_testcases.TC0011_shareclasses_id_syn_Riskindicator.ExtractallData()'><b>ExtractallData</b><br>Test class: com_edl_uat_api_testcases.TC0011_shareclasses_id_syn_Riskindicator</td>
<td><div><pre>java.lang.NullPointerException
	at Lib.XLUtil.getCellData(XLUtil.java:88)
	at com_edl_uat_api_testcases.TC0011_shareclasses_id_syn_Riskindicator.shareclasses_id_syn_Riskindicator(TC0011_shareclasses_id_syn_Riskindicator.java:35)
... Removed 26 stack frames</pre></div><a href='#' onClick='toggleBox("stack-trace32040468", this, "Click to show all stack frames", "Click to hide stack frames")'>Click to show all stack frames</a>
<div class='stack-trace' id='stack-trace32040468'><pre>java.lang.NullPointerException
	at Lib.XLUtil.getCellData(XLUtil.java:88)
	at com_edl_uat_api_testcases.TC0011_shareclasses_id_syn_Riskindicator.shareclasses_id_syn_Riskindicator(TC0011_shareclasses_id_syn_Riskindicator.java:35)
	at sun.reflect.NativeMethodAccessorImpl.invoke0(Native Method)
	at sun.reflect.NativeMethodAccessorImpl.invoke(Unknown Source)
	at sun.reflect.DelegatingMethodAccessorImpl.invoke(Unknown Source)
	at java.lang.reflect.Method.invoke(Unknown Source)
	at org.testng.internal.MethodInvocationHelper.invokeMethod(MethodInvocationHelper.java:124)
	at org.testng.internal.MethodInvocationHelper.invokeMethodConsideringTimeout(MethodInvocationHelper.java:59)
	at org.testng.internal.Invoker.invokeConfigurationMethod(Invoker.java:455)
	at org.testng.internal.Invoker.invokeConfigurations(Invoker.java:222)
	at org.testng.internal.Invoker.invokeConfigurations(Invoker.java:142)
	at org.testng.internal.TestMethodWorker.invokeBeforeClassMethods(TestMethodWorker.java:168)
	at org.testng.internal.TestMethodWorker.run(TestMethodWorker.java:105)
	at org.testng.TestRunner.privateRun(TestRunner.java:648)
	at org.testng.TestRunner.run(TestRunner.java:505)
	at org.testng.SuiteRunner.runTest(SuiteRunner.java:455)
	at org.testng.SuiteRunner.runSequentially(SuiteRunner.java:450)
	at org.testng.SuiteRunner.privateRun(SuiteRunner.java:415)
	at org.testng.SuiteRunner.run(SuiteRunner.java:364)
	at org.testng.SuiteRunnerWorker.runSuite(SuiteRunnerWorker.java:52)
	at org.testng.SuiteRunnerWorker.run(SuiteRunnerWorker.java:84)
	at org.testng.TestNG.runSuitesSequentially(TestNG.java:1208)
	at org.testng.TestNG.runSuitesLocally(TestNG.java:1137)
	at org.testng.TestNG.runSuites(TestNG.java:1049)
	at org.testng.TestNG.run(TestNG.java:1017)
	at org.testng.remote.AbstractRemoteTestNG.run(AbstractRemoteTestNG.java:114)
	at org.testng.remote.RemoteTestNG.initAndRun(RemoteTestNG.java:251)
	at org.testng.remote.RemoteTestNG.main(RemoteTestNG.java:77)
</pre></div></td>
<td>0</td>
<td>com_edl_uat_api_testcases.TC0011_shareclasses_id_syn_Riskindicator@bf9759</td></tr>
<tr>
<td title='com_edl_uat_api_testcases.TC0012_shareclasses_id_rankings.ExtractallData()'><b>ExtractallData</b><br>Test class: com_edl_uat_api_testcases.TC0012_shareclasses_id_rankings</td>
<td><div><pre>java.lang.NullPointerException
	at Lib.XLUtil.getCellData(XLUtil.java:88)
	at com_edl_uat_api_testcases.TC0012_shareclasses_id_rankings.shareclasses_id_rankings(TC0012_shareclasses_id_rankings.java:34)
... Removed 26 stack frames</pre></div><a href='#' onClick='toggleBox("stack-trace16031090", this, "Click to show all stack frames", "Click to hide stack frames")'>Click to show all stack frames</a>
<div class='stack-trace' id='stack-trace16031090'><pre>java.lang.NullPointerException
	at Lib.XLUtil.getCellData(XLUtil.java:88)
	at com_edl_uat_api_testcases.TC0012_shareclasses_id_rankings.shareclasses_id_rankings(TC0012_shareclasses_id_rankings.java:34)
	at sun.reflect.NativeMethodAccessorImpl.invoke0(Native Method)
	at sun.reflect.NativeMethodAccessorImpl.invoke(Unknown Source)
	at sun.reflect.DelegatingMethodAccessorImpl.invoke(Unknown Source)
	at java.lang.reflect.Method.invoke(Unknown Source)
	at org.testng.internal.MethodInvocationHelper.invokeMethod(MethodInvocationHelper.java:124)
	at org.testng.internal.MethodInvocationHelper.invokeMethodConsideringTimeout(MethodInvocationHelper.java:59)
	at org.testng.internal.Invoker.invokeConfigurationMethod(Invoker.java:455)
	at org.testng.internal.Invoker.invokeConfigurations(Invoker.java:222)
	at org.testng.internal.Invoker.invokeConfigurations(Invoker.java:142)
	at org.testng.internal.TestMethodWorker.invokeBeforeClassMethods(TestMethodWorker.java:168)
	at org.testng.internal.TestMethodWorker.run(TestMethodWorker.java:105)
	at org.testng.TestRunner.privateRun(TestRunner.java:648)
	at org.testng.TestRunner.run(TestRunner.java:505)
	at org.testng.SuiteRunner.runTest(SuiteRunner.java:455)
	at org.testng.SuiteRunner.runSequentially(SuiteRunner.java:450)
	at org.testng.SuiteRunner.privateRun(SuiteRunner.java:415)
	at org.testng.SuiteRunner.run(SuiteRunner.java:364)
	at org.testng.SuiteRunnerWorker.runSuite(SuiteRunnerWorker.java:52)
	at org.testng.SuiteRunnerWorker.run(SuiteRunnerWorker.java:84)
	at org.testng.TestNG.runSuitesSequentially(TestNG.java:1208)
	at org.testng.TestNG.runSuitesLocally(TestNG.java:1137)
	at org.testng.TestNG.runSuites(TestNG.java:1049)
	at org.testng.TestNG.run(TestNG.java:1017)
	at org.testng.remote.AbstractRemoteTestNG.run(AbstractRemoteTestNG.java:114)
	at org.testng.remote.RemoteTestNG.initAndRun(RemoteTestNG.java:251)
	at org.testng.remote.RemoteTestNG.main(RemoteTestNG.java:77)
</pre></div></td>
<td>0</td>
<td>com_edl_uat_api_testcases.TC0012_shareclasses_id_rankings@1341870</td></tr>
<tr>
<td title='com_edl_uat_api_testcases.TC006_shareclasses_id.checkResponseBody()'><b>checkResponseBody</b><br>Test class: com_edl_uat_api_testcases.TC006_shareclasses_id</td>
<td><div><pre>java.lang.NullPointerException
	at Lib.XLUtil.getCellData(XLUtil.java:88)
	at com_edl_uat_api_testcases.TC006_shareclasses_id.getShareClassdetails(TC006_shareclasses_id.java:35)
... Removed 26 stack frames</pre></div><a href='#' onClick='toggleBox("stack-trace10559673", this, "Click to show all stack frames", "Click to hide stack frames")'>Click to show all stack frames</a>
<div class='stack-trace' id='stack-trace10559673'><pre>java.lang.NullPointerException
	at Lib.XLUtil.getCellData(XLUtil.java:88)
	at com_edl_uat_api_testcases.TC006_shareclasses_id.getShareClassdetails(TC006_shareclasses_id.java:35)
	at sun.reflect.NativeMethodAccessorImpl.invoke0(Native Method)
	at sun.reflect.NativeMethodAccessorImpl.invoke(Unknown Source)
	at sun.reflect.DelegatingMethodAccessorImpl.invoke(Unknown Source)
	at java.lang.reflect.Method.invoke(Unknown Source)
	at org.testng.internal.MethodInvocationHelper.invokeMethod(MethodInvocationHelper.java:124)
	at org.testng.internal.MethodInvocationHelper.invokeMethodConsideringTimeout(MethodInvocationHelper.java:59)
	at org.testng.internal.Invoker.invokeConfigurationMethod(Invoker.java:455)
	at org.testng.internal.Invoker.invokeConfigurations(Invoker.java:222)
	at org.testng.internal.Invoker.invokeConfigurations(Invoker.java:142)
	at org.testng.internal.TestMethodWorker.invokeBeforeClassMethods(TestMethodWorker.java:168)
	at org.testng.internal.TestMethodWorker.run(TestMethodWorker.java:105)
	at org.testng.TestRunner.privateRun(TestRunner.java:648)
	at org.testng.TestRunner.run(TestRunner.java:505)
	at org.testng.SuiteRunner.runTest(SuiteRunner.java:455)
	at org.testng.SuiteRunner.runSequentially(SuiteRunner.java:450)
	at org.testng.SuiteRunner.privateRun(SuiteRunner.java:415)
	at org.testng.SuiteRunner.run(SuiteRunner.java:364)
	at org.testng.SuiteRunnerWorker.runSuite(SuiteRunnerWorker.java:52)
	at org.testng.SuiteRunnerWorker.run(SuiteRunnerWorker.java:84)
	at org.testng.TestNG.runSuitesSequentially(TestNG.java:1208)
	at org.testng.TestNG.runSuitesLocally(TestNG.java:1137)
	at org.testng.TestNG.runSuites(TestNG.java:1049)
	at org.testng.TestNG.run(TestNG.java:1017)
	at org.testng.remote.AbstractRemoteTestNG.run(AbstractRemoteTestNG.java:114)
	at org.testng.remote.RemoteTestNG.initAndRun(RemoteTestNG.java:251)
	at org.testng.remote.RemoteTestNG.main(RemoteTestNG.java:77)
</pre></div></td>
<td>0</td>
<td>com_edl_uat_api_testcases.TC006_shareclasses_id@bbfa04</td></tr>
<tr>
<td title='com_edl_uat_api_testcases.TC007_shareclasses_id_NAV.checkResponseBody()'><b>checkResponseBody</b><br>Test class: com_edl_uat_api_testcases.TC007_shareclasses_id_NAV</td>
<td><div><pre>java.lang.NullPointerException
	at Lib.XLUtil.getCellData(XLUtil.java:88)
	at com_edl_uat_api_testcases.TC007_shareclasses_id_NAV.getShareclassdetail(TC007_shareclasses_id_NAV.java:35)
... Removed 26 stack frames</pre></div><a href='#' onClick='toggleBox("stack-trace18250955", this, "Click to show all stack frames", "Click to hide stack frames")'>Click to show all stack frames</a>
<div class='stack-trace' id='stack-trace18250955'><pre>java.lang.NullPointerException
	at Lib.XLUtil.getCellData(XLUtil.java:88)
	at com_edl_uat_api_testcases.TC007_shareclasses_id_NAV.getShareclassdetail(TC007_shareclasses_id_NAV.java:35)
	at sun.reflect.NativeMethodAccessorImpl.invoke0(Native Method)
	at sun.reflect.NativeMethodAccessorImpl.invoke(Unknown Source)
	at sun.reflect.DelegatingMethodAccessorImpl.invoke(Unknown Source)
	at java.lang.reflect.Method.invoke(Unknown Source)
	at org.testng.internal.MethodInvocationHelper.invokeMethod(MethodInvocationHelper.java:124)
	at org.testng.internal.MethodInvocationHelper.invokeMethodConsideringTimeout(MethodInvocationHelper.java:59)
	at org.testng.internal.Invoker.invokeConfigurationMethod(Invoker.java:455)
	at org.testng.internal.Invoker.invokeConfigurations(Invoker.java:222)
	at org.testng.internal.Invoker.invokeConfigurations(Invoker.java:142)
	at org.testng.internal.TestMethodWorker.invokeBeforeClassMethods(TestMethodWorker.java:168)
	at org.testng.internal.TestMethodWorker.run(TestMethodWorker.java:105)
	at org.testng.TestRunner.privateRun(TestRunner.java:648)
	at org.testng.TestRunner.run(TestRunner.java:505)
	at org.testng.SuiteRunner.runTest(SuiteRunner.java:455)
	at org.testng.SuiteRunner.runSequentially(SuiteRunner.java:450)
	at org.testng.SuiteRunner.privateRun(SuiteRunner.java:415)
	at org.testng.SuiteRunner.run(SuiteRunner.java:364)
	at org.testng.SuiteRunnerWorker.runSuite(SuiteRunnerWorker.java:52)
	at org.testng.SuiteRunnerWorker.run(SuiteRunnerWorker.java:84)
	at org.testng.TestNG.runSuitesSequentially(TestNG.java:1208)
	at org.testng.TestNG.runSuitesLocally(TestNG.java:1137)
	at org.testng.TestNG.runSuites(TestNG.java:1049)
	at org.testng.TestNG.run(TestNG.java:1017)
	at org.testng.remote.AbstractRemoteTestNG.run(AbstractRemoteTestNG.java:114)
	at org.testng.remote.RemoteTestNG.initAndRun(RemoteTestNG.java:251)
	at org.testng.remote.RemoteTestNG.main(RemoteTestNG.java:77)
</pre></div></td>
<td>0</td>
<td>com_edl_uat_api_testcases.TC007_shareclasses_id_NAV@1fffcd7</td></tr>
<tr>
<td title='com_edl_uat_api_testcases.TC008_shareclasses_id_perf_standard.checkResponseBody()'><b>checkResponseBody</b><br>Test class: com_edl_uat_api_testcases.TC008_shareclasses_id_perf_standard</td>
<td><div><pre>java.lang.NullPointerException
	at Lib.XLUtil.getCellData(XLUtil.java:88)
	at com_edl_uat_api_testcases.TC008_shareclasses_id_perf_standard.getshareclass_perf_standard(TC008_shareclasses_id_perf_standard.java:35)
... Removed 26 stack frames</pre></div><a href='#' onClick='toggleBox("stack-trace24397227", this, "Click to show all stack frames", "Click to hide stack frames")'>Click to show all stack frames</a>
<div class='stack-trace' id='stack-trace24397227'><pre>java.lang.NullPointerException
	at Lib.XLUtil.getCellData(XLUtil.java:88)
	at com_edl_uat_api_testcases.TC008_shareclasses_id_perf_standard.getshareclass_perf_standard(TC008_shareclasses_id_perf_standard.java:35)
	at sun.reflect.NativeMethodAccessorImpl.invoke0(Native Method)
	at sun.reflect.NativeMethodAccessorImpl.invoke(Unknown Source)
	at sun.reflect.DelegatingMethodAccessorImpl.invoke(Unknown Source)
	at java.lang.reflect.Method.invoke(Unknown Source)
	at org.testng.internal.MethodInvocationHelper.invokeMethod(MethodInvocationHelper.java:124)
	at org.testng.internal.MethodInvocationHelper.invokeMethodConsideringTimeout(MethodInvocationHelper.java:59)
	at org.testng.internal.Invoker.invokeConfigurationMethod(Invoker.java:455)
	at org.testng.internal.Invoker.invokeConfigurations(Invoker.java:222)
	at org.testng.internal.Invoker.invokeConfigurations(Invoker.java:142)
	at org.testng.internal.TestMethodWorker.invokeBeforeClassMethods(TestMethodWorker.java:168)
	at org.testng.internal.TestMethodWorker.run(TestMethodWorker.java:105)
	at org.testng.TestRunner.privateRun(TestRunner.java:648)
	at org.testng.TestRunner.run(TestRunner.java:505)
	at org.testng.SuiteRunner.runTest(SuiteRunner.java:455)
	at org.testng.SuiteRunner.runSequentially(SuiteRunner.java:450)
	at org.testng.SuiteRunner.privateRun(SuiteRunner.java:415)
	at org.testng.SuiteRunner.run(SuiteRunner.java:364)
	at org.testng.SuiteRunnerWorker.runSuite(SuiteRunnerWorker.java:52)
	at org.testng.SuiteRunnerWorker.run(SuiteRunnerWorker.java:84)
	at org.testng.TestNG.runSuitesSequentially(TestNG.java:1208)
	at org.testng.TestNG.runSuitesLocally(TestNG.java:1137)
	at org.testng.TestNG.runSuites(TestNG.java:1049)
	at org.testng.TestNG.run(TestNG.java:1017)
	at org.testng.remote.AbstractRemoteTestNG.run(AbstractRemoteTestNG.java:114)
	at org.testng.remote.RemoteTestNG.initAndRun(RemoteTestNG.java:251)
	at org.testng.remote.RemoteTestNG.main(RemoteTestNG.java:77)
</pre></div></td>
<td>0</td>
<td>com_edl_uat_api_testcases.TC008_shareclasses_id_perf_standard@1ef45e3</td></tr>
<tr>
<td title='com_edl_uat_api_testcases.TC009_shareclasses_id_perf_rolling.checkResponseBody()'><b>checkResponseBody</b><br>Test class: com_edl_uat_api_testcases.TC009_shareclasses_id_perf_rolling</td>
<td><div><pre>java.lang.NullPointerException
	at Lib.XLUtil.getCellData(XLUtil.java:88)
	at com_edl_uat_api_testcases.TC009_shareclasses_id_perf_rolling.shareclasses_id_perf_rolling(TC009_shareclasses_id_perf_rolling.java:34)
... Removed 26 stack frames</pre></div><a href='#' onClick='toggleBox("stack-trace14034270", this, "Click to show all stack frames", "Click to hide stack frames")'>Click to show all stack frames</a>
<div class='stack-trace' id='stack-trace14034270'><pre>java.lang.NullPointerException
	at Lib.XLUtil.getCellData(XLUtil.java:88)
	at com_edl_uat_api_testcases.TC009_shareclasses_id_perf_rolling.shareclasses_id_perf_rolling(TC009_shareclasses_id_perf_rolling.java:34)
	at sun.reflect.NativeMethodAccessorImpl.invoke0(Native Method)
	at sun.reflect.NativeMethodAccessorImpl.invoke(Unknown Source)
	at sun.reflect.DelegatingMethodAccessorImpl.invoke(Unknown Source)
	at java.lang.reflect.Method.invoke(Unknown Source)
	at org.testng.internal.MethodInvocationHelper.invokeMethod(MethodInvocationHelper.java:124)
	at org.testng.internal.MethodInvocationHelper.invokeMethodConsideringTimeout(MethodInvocationHelper.java:59)
	at org.testng.internal.Invoker.invokeConfigurationMethod(Invoker.java:455)
	at org.testng.internal.Invoker.invokeConfigurations(Invoker.java:222)
	at org.testng.internal.Invoker.invokeConfigurations(Invoker.java:142)
	at org.testng.internal.TestMethodWorker.invokeBeforeClassMethods(TestMethodWorker.java:168)
	at org.testng.internal.TestMethodWorker.run(TestMethodWorker.java:105)
	at org.testng.TestRunner.privateRun(TestRunner.java:648)
	at org.testng.TestRunner.run(TestRunner.java:505)
	at org.testng.SuiteRunner.runTest(SuiteRunner.java:455)
	at org.testng.SuiteRunner.runSequentially(SuiteRunner.java:450)
	at org.testng.SuiteRunner.privateRun(SuiteRunner.java:415)
	at org.testng.SuiteRunner.run(SuiteRunner.java:364)
	at org.testng.SuiteRunnerWorker.runSuite(SuiteRunnerWorker.java:52)
	at org.testng.SuiteRunnerWorker.run(SuiteRunnerWorker.java:84)
	at org.testng.TestNG.runSuitesSequentially(TestNG.java:1208)
	at org.testng.TestNG.runSuitesLocally(TestNG.java:1137)
	at org.testng.TestNG.runSuites(TestNG.java:1049)
	at org.testng.TestNG.run(TestNG.java:1017)
	at org.testng.remote.AbstractRemoteTestNG.run(AbstractRemoteTestNG.java:114)
	at org.testng.remote.RemoteTestNG.initAndRun(RemoteTestNG.java:251)
	at org.testng.remote.RemoteTestNG.main(RemoteTestNG.java:77)
</pre></div></td>
<td>0</td>
<td>com_edl_uat_api_testcases.TC009_shareclasses_id_perf_rolling@18067a5</td></tr>
<tr>
<td title='com_edl_uat_api_testcases.TC0010_shareclasses_id_perf_growth.checkResponseBody()'><b>checkResponseBody</b><br>Test class: com_edl_uat_api_testcases.TC0010_shareclasses_id_perf_growth</td>
<td><div><pre>java.lang.NullPointerException
	at Lib.XLUtil.getCellData(XLUtil.java:88)
	at com_edl_uat_api_testcases.TC0010_shareclasses_id_perf_growth.shareclasses_id_perf_growth(TC0010_shareclasses_id_perf_growth.java:35)
... Removed 26 stack frames</pre></div><a href='#' onClick='toggleBox("stack-trace16907645", this, "Click to show all stack frames", "Click to hide stack frames")'>Click to show all stack frames</a>
<div class='stack-trace' id='stack-trace16907645'><pre>java.lang.NullPointerException
	at Lib.XLUtil.getCellData(XLUtil.java:88)
	at com_edl_uat_api_testcases.TC0010_shareclasses_id_perf_growth.shareclasses_id_perf_growth(TC0010_shareclasses_id_perf_growth.java:35)
	at sun.reflect.NativeMethodAccessorImpl.invoke0(Native Method)
	at sun.reflect.NativeMethodAccessorImpl.invoke(Unknown Source)
	at sun.reflect.DelegatingMethodAccessorImpl.invoke(Unknown Source)
	at java.lang.reflect.Method.invoke(Unknown Source)
	at org.testng.internal.MethodInvocationHelper.invokeMethod(MethodInvocationHelper.java:124)
	at org.testng.internal.MethodInvocationHelper.invokeMethodConsideringTimeout(MethodInvocationHelper.java:59)
	at org.testng.internal.Invoker.invokeConfigurationMethod(Invoker.java:455)
	at org.testng.internal.Invoker.invokeConfigurations(Invoker.java:222)
	at org.testng.internal.Invoker.invokeConfigurations(Invoker.java:142)
	at org.testng.internal.TestMethodWorker.invokeBeforeClassMethods(TestMethodWorker.java:168)
	at org.testng.internal.TestMethodWorker.run(TestMethodWorker.java:105)
	at org.testng.TestRunner.privateRun(TestRunner.java:648)
	at org.testng.TestRunner.run(TestRunner.java:505)
	at org.testng.SuiteRunner.runTest(SuiteRunner.java:455)
	at org.testng.SuiteRunner.runSequentially(SuiteRunner.java:450)
	at org.testng.SuiteRunner.privateRun(SuiteRunner.java:415)
	at org.testng.SuiteRunner.run(SuiteRunner.java:364)
	at org.testng.SuiteRunnerWorker.runSuite(SuiteRunnerWorker.java:52)
	at org.testng.SuiteRunnerWorker.run(SuiteRunnerWorker.java:84)
	at org.testng.TestNG.runSuitesSequentially(TestNG.java:1208)
	at org.testng.TestNG.runSuitesLocally(TestNG.java:1137)
	at org.testng.TestNG.runSuites(TestNG.java:1049)
	at org.testng.TestNG.run(TestNG.java:1017)
	at org.testng.remote.AbstractRemoteTestNG.run(AbstractRemoteTestNG.java:114)
	at org.testng.remote.RemoteTestNG.initAndRun(RemoteTestNG.java:251)
	at org.testng.remote.RemoteTestNG.main(RemoteTestNG.java:77)
</pre></div></td>
<td>0</td>
<td>com_edl_uat_api_testcases.TC0010_shareclasses_id_perf_growth@ecd4b</td></tr>
<tr>
<td title='com_edl_uat_api_testcases.TC0011_shareclasses_id_syn_Riskindicator.checkResponseBody()'><b>checkResponseBody</b><br>Test class: com_edl_uat_api_testcases.TC0011_shareclasses_id_syn_Riskindicator</td>
<td><div><pre>java.lang.NullPointerException
	at Lib.XLUtil.getCellData(XLUtil.java:88)
	at com_edl_uat_api_testcases.TC0011_shareclasses_id_syn_Riskindicator.shareclasses_id_syn_Riskindicator(TC0011_shareclasses_id_syn_Riskindicator.java:35)
... Removed 26 stack frames</pre></div><a href='#' onClick='toggleBox("stack-trace8492905", this, "Click to show all stack frames", "Click to hide stack frames")'>Click to show all stack frames</a>
<div class='stack-trace' id='stack-trace8492905'><pre>java.lang.NullPointerException
	at Lib.XLUtil.getCellData(XLUtil.java:88)
	at com_edl_uat_api_testcases.TC0011_shareclasses_id_syn_Riskindicator.shareclasses_id_syn_Riskindicator(TC0011_shareclasses_id_syn_Riskindicator.java:35)
	at sun.reflect.NativeMethodAccessorImpl.invoke0(Native Method)
	at sun.reflect.NativeMethodAccessorImpl.invoke(Unknown Source)
	at sun.reflect.DelegatingMethodAccessorImpl.invoke(Unknown Source)
	at java.lang.reflect.Method.invoke(Unknown Source)
	at org.testng.internal.MethodInvocationHelper.invokeMethod(MethodInvocationHelper.java:124)
	at org.testng.internal.MethodInvocationHelper.invokeMethodConsideringTimeout(MethodInvocationHelper.java:59)
	at org.testng.internal.Invoker.invokeConfigurationMethod(Invoker.java:455)
	at org.testng.internal.Invoker.invokeConfigurations(Invoker.java:222)
	at org.testng.internal.Invoker.invokeConfigurations(Invoker.java:142)
	at org.testng.internal.TestMethodWorker.invokeBeforeClassMethods(TestMethodWorker.java:168)
	at org.testng.internal.TestMethodWorker.run(TestMethodWorker.java:105)
	at org.testng.TestRunner.privateRun(TestRunner.java:648)
	at org.testng.TestRunner.run(TestRunner.java:505)
	at org.testng.SuiteRunner.runTest(SuiteRunner.java:455)
	at org.testng.SuiteRunner.runSequentially(SuiteRunner.java:450)
	at org.testng.SuiteRunner.privateRun(SuiteRunner.java:415)
	at org.testng.SuiteRunner.run(SuiteRunner.java:364)
	at org.testng.SuiteRunnerWorker.runSuite(SuiteRunnerWorker.java:52)
	at org.testng.SuiteRunnerWorker.run(SuiteRunnerWorker.java:84)
	at org.testng.TestNG.runSuitesSequentially(TestNG.java:1208)
	at org.testng.TestNG.runSuitesLocally(TestNG.java:1137)
	at org.testng.TestNG.runSuites(TestNG.java:1049)
	at org.testng.TestNG.run(TestNG.java:1017)
	at org.testng.remote.AbstractRemoteTestNG.run(AbstractRemoteTestNG.java:114)
	at org.testng.remote.RemoteTestNG.initAndRun(RemoteTestNG.java:251)
	at org.testng.remote.RemoteTestNG.main(RemoteTestNG.java:77)
</pre></div></td>
<td>0</td>
<td>com_edl_uat_api_testcases.TC0011_shareclasses_id_syn_Riskindicator@bf9759</td></tr>
<tr>
<td title='com_edl_uat_api_testcases.TC0012_shareclasses_id_rankings.checkResponseBody()'><b>checkResponseBody</b><br>Test class: com_edl_uat_api_testcases.TC0012_shareclasses_id_rankings</td>
<td><div><pre>java.lang.NullPointerException
	at Lib.XLUtil.getCellData(XLUtil.java:88)
	at com_edl_uat_api_testcases.TC0012_shareclasses_id_rankings.shareclasses_id_rankings(TC0012_shareclasses_id_rankings.java:34)
... Removed 26 stack frames</pre></div><a href='#' onClick='toggleBox("stack-trace3137292", this, "Click to show all stack frames", "Click to hide stack frames")'>Click to show all stack frames</a>
<div class='stack-trace' id='stack-trace3137292'><pre>java.lang.NullPointerException
	at Lib.XLUtil.getCellData(XLUtil.java:88)
	at com_edl_uat_api_testcases.TC0012_shareclasses_id_rankings.shareclasses_id_rankings(TC0012_shareclasses_id_rankings.java:34)
	at sun.reflect.NativeMethodAccessorImpl.invoke0(Native Method)
	at sun.reflect.NativeMethodAccessorImpl.invoke(Unknown Source)
	at sun.reflect.DelegatingMethodAccessorImpl.invoke(Unknown Source)
	at java.lang.reflect.Method.invoke(Unknown Source)
	at org.testng.internal.MethodInvocationHelper.invokeMethod(MethodInvocationHelper.java:124)
	at org.testng.internal.MethodInvocationHelper.invokeMethodConsideringTimeout(MethodInvocationHelper.java:59)
	at org.testng.internal.Invoker.invokeConfigurationMethod(Invoker.java:455)
	at org.testng.internal.Invoker.invokeConfigurations(Invoker.java:222)
	at org.testng.internal.Invoker.invokeConfigurations(Invoker.java:142)
	at org.testng.internal.TestMethodWorker.invokeBeforeClassMethods(TestMethodWorker.java:168)
	at org.testng.internal.TestMethodWorker.run(TestMethodWorker.java:105)
	at org.testng.TestRunner.privateRun(TestRunner.java:648)
	at org.testng.TestRunner.run(TestRunner.java:505)
	at org.testng.SuiteRunner.runTest(SuiteRunner.java:455)
	at org.testng.SuiteRunner.runSequentially(SuiteRunner.java:450)
	at org.testng.SuiteRunner.privateRun(SuiteRunner.java:415)
	at org.testng.SuiteRunner.run(SuiteRunner.java:364)
	at org.testng.SuiteRunnerWorker.runSuite(SuiteRunnerWorker.java:52)
	at org.testng.SuiteRunnerWorker.run(SuiteRunnerWorker.java:84)
	at org.testng.TestNG.runSuitesSequentially(TestNG.java:1208)
	at org.testng.TestNG.runSuitesLocally(TestNG.java:1137)
	at org.testng.TestNG.runSuites(TestNG.java:1049)
	at org.testng.TestNG.run(TestNG.java:1017)
	at org.testng.remote.AbstractRemoteTestNG.run(AbstractRemoteTestNG.java:114)
	at org.testng.remote.RemoteTestNG.initAndRun(RemoteTestNG.java:251)
	at org.testng.remote.RemoteTestNG.main(RemoteTestNG.java:77)
</pre></div></td>
<td>0</td>
<td>com_edl_uat_api_testcases.TC0012_shareclasses_id_rankings@1341870</td></tr>
<tr>
<td title='com_edl_uat_api_testcases.TC0013_shareclasses_id_ratings.checkResponseBody()'><b>checkResponseBody</b><br>Test class: com_edl_uat_api_testcases.TC0013_shareclasses_id_ratings</td>
<td><div><pre>java.lang.NullPointerException
	at Lib.XLUtil.getCellData(XLUtil.java:88)
	at com_edl_uat_api_testcases.TC0013_shareclasses_id_ratings.shareclasses_id_ratings(TC0013_shareclasses_id_ratings.java:35)
... Removed 26 stack frames</pre></div><a href='#' onClick='toggleBox("stack-trace9530728", this, "Click to show all stack frames", "Click to hide stack frames")'>Click to show all stack frames</a>
<div class='stack-trace' id='stack-trace9530728'><pre>java.lang.NullPointerException
	at Lib.XLUtil.getCellData(XLUtil.java:88)
	at com_edl_uat_api_testcases.TC0013_shareclasses_id_ratings.shareclasses_id_ratings(TC0013_shareclasses_id_ratings.java:35)
	at sun.reflect.NativeMethodAccessorImpl.invoke0(Native Method)
	at sun.reflect.NativeMethodAccessorImpl.invoke(Unknown Source)
	at sun.reflect.DelegatingMethodAccessorImpl.invoke(Unknown Source)
	at java.lang.reflect.Method.invoke(Unknown Source)
	at org.testng.internal.MethodInvocationHelper.invokeMethod(MethodInvocationHelper.java:124)
	at org.testng.internal.MethodInvocationHelper.invokeMethodConsideringTimeout(MethodInvocationHelper.java:59)
	at org.testng.internal.Invoker.invokeConfigurationMethod(Invoker.java:455)
	at org.testng.internal.Invoker.invokeConfigurations(Invoker.java:222)
	at org.testng.internal.Invoker.invokeConfigurations(Invoker.java:142)
	at org.testng.internal.TestMethodWorker.invokeBeforeClassMethods(TestMethodWorker.java:168)
	at org.testng.internal.TestMethodWorker.run(TestMethodWorker.java:105)
	at org.testng.TestRunner.privateRun(TestRunner.java:648)
	at org.testng.TestRunner.run(TestRunner.java:505)
	at org.testng.SuiteRunner.runTest(SuiteRunner.java:455)
	at org.testng.SuiteRunner.runSequentially(SuiteRunner.java:450)
	at org.testng.SuiteRunner.privateRun(SuiteRunner.java:415)
	at org.testng.SuiteRunner.run(SuiteRunner.java:364)
	at org.testng.SuiteRunnerWorker.runSuite(SuiteRunnerWorker.java:52)
	at org.testng.SuiteRunnerWorker.run(SuiteRunnerWorker.java:84)
	at org.testng.TestNG.runSuitesSequentially(TestNG.java:1208)
	at org.testng.TestNG.runSuitesLocally(TestNG.java:1137)
	at org.testng.TestNG.runSuites(TestNG.java:1049)
	at org.testng.TestNG.run(TestNG.java:1017)
	at org.testng.remote.AbstractRemoteTestNG.run(AbstractRemoteTestNG.java:114)
	at org.testng.remote.RemoteTestNG.initAndRun(RemoteTestNG.java:251)
	at org.testng.remote.RemoteTestNG.main(RemoteTestNG.java:77)
</pre></div></td>
<td>0</td>
<td>com_edl_uat_api_testcases.TC0013_shareclasses_id_ratings@153f17c</td></tr>
<tr>
<td title='com_edl_uat_api_testcases.TC006_shareclasses_id.checkStatusCode()'><b>checkStatusCode</b><br>Test class: com_edl_uat_api_testcases.TC006_shareclasses_id</td>
<td><div><pre>java.lang.NullPointerException
	at Lib.XLUtil.getCellData(XLUtil.java:88)
	at com_edl_uat_api_testcases.TC006_shareclasses_id.getShareClassdetails(TC006_shareclasses_id.java:35)
... Removed 26 stack frames</pre></div><a href='#' onClick='toggleBox("stack-trace20864950", this, "Click to show all stack frames", "Click to hide stack frames")'>Click to show all stack frames</a>
<div class='stack-trace' id='stack-trace20864950'><pre>java.lang.NullPointerException
	at Lib.XLUtil.getCellData(XLUtil.java:88)
	at com_edl_uat_api_testcases.TC006_shareclasses_id.getShareClassdetails(TC006_shareclasses_id.java:35)
	at sun.reflect.NativeMethodAccessorImpl.invoke0(Native Method)
	at sun.reflect.NativeMethodAccessorImpl.invoke(Unknown Source)
	at sun.reflect.DelegatingMethodAccessorImpl.invoke(Unknown Source)
	at java.lang.reflect.Method.invoke(Unknown Source)
	at org.testng.internal.MethodInvocationHelper.invokeMethod(MethodInvocationHelper.java:124)
	at org.testng.internal.MethodInvocationHelper.invokeMethodConsideringTimeout(MethodInvocationHelper.java:59)
	at org.testng.internal.Invoker.invokeConfigurationMethod(Invoker.java:455)
	at org.testng.internal.Invoker.invokeConfigurations(Invoker.java:222)
	at org.testng.internal.Invoker.invokeConfigurations(Invoker.java:142)
	at org.testng.internal.TestMethodWorker.invokeBeforeClassMethods(TestMethodWorker.java:168)
	at org.testng.internal.TestMethodWorker.run(TestMethodWorker.java:105)
	at org.testng.TestRunner.privateRun(TestRunner.java:648)
	at org.testng.TestRunner.run(TestRunner.java:505)
	at org.testng.SuiteRunner.runTest(SuiteRunner.java:455)
	at org.testng.SuiteRunner.runSequentially(SuiteRunner.java:450)
	at org.testng.SuiteRunner.privateRun(SuiteRunner.java:415)
	at org.testng.SuiteRunner.run(SuiteRunner.java:364)
	at org.testng.SuiteRunnerWorker.runSuite(SuiteRunnerWorker.java:52)
	at org.testng.SuiteRunnerWorker.run(SuiteRunnerWorker.java:84)
	at org.testng.TestNG.runSuitesSequentially(TestNG.java:1208)
	at org.testng.TestNG.runSuitesLocally(TestNG.java:1137)
	at org.testng.TestNG.runSuites(TestNG.java:1049)
	at org.testng.TestNG.run(TestNG.java:1017)
	at org.testng.remote.AbstractRemoteTestNG.run(AbstractRemoteTestNG.java:114)
	at org.testng.remote.RemoteTestNG.initAndRun(RemoteTestNG.java:251)
	at org.testng.remote.RemoteTestNG.main(RemoteTestNG.java:77)
</pre></div></td>
<td>0</td>
<td>com_edl_uat_api_testcases.TC006_shareclasses_id@bbfa04</td></tr>
<tr>
<td title='com_edl_uat_api_testcases.TC007_shareclasses_id_NAV.checkStatusCode()'><b>checkStatusCode</b><br>Test class: com_edl_uat_api_testcases.TC007_shareclasses_id_NAV</td>
<td><div><pre>java.lang.NullPointerException
	at Lib.XLUtil.getCellData(XLUtil.java:88)
	at com_edl_uat_api_testcases.TC007_shareclasses_id_NAV.getShareclassdetail(TC007_shareclasses_id_NAV.java:35)
... Removed 26 stack frames</pre></div><a href='#' onClick='toggleBox("stack-trace24460137", this, "Click to show all stack frames", "Click to hide stack frames")'>Click to show all stack frames</a>
<div class='stack-trace' id='stack-trace24460137'><pre>java.lang.NullPointerException
	at Lib.XLUtil.getCellData(XLUtil.java:88)
	at com_edl_uat_api_testcases.TC007_shareclasses_id_NAV.getShareclassdetail(TC007_shareclasses_id_NAV.java:35)
	at sun.reflect.NativeMethodAccessorImpl.invoke0(Native Method)
	at sun.reflect.NativeMethodAccessorImpl.invoke(Unknown Source)
	at sun.reflect.DelegatingMethodAccessorImpl.invoke(Unknown Source)
	at java.lang.reflect.Method.invoke(Unknown Source)
	at org.testng.internal.MethodInvocationHelper.invokeMethod(MethodInvocationHelper.java:124)
	at org.testng.internal.MethodInvocationHelper.invokeMethodConsideringTimeout(MethodInvocationHelper.java:59)
	at org.testng.internal.Invoker.invokeConfigurationMethod(Invoker.java:455)
	at org.testng.internal.Invoker.invokeConfigurations(Invoker.java:222)
	at org.testng.internal.Invoker.invokeConfigurations(Invoker.java:142)
	at org.testng.internal.TestMethodWorker.invokeBeforeClassMethods(TestMethodWorker.java:168)
	at org.testng.internal.TestMethodWorker.run(TestMethodWorker.java:105)
	at org.testng.TestRunner.privateRun(TestRunner.java:648)
	at org.testng.TestRunner.run(TestRunner.java:505)
	at org.testng.SuiteRunner.runTest(SuiteRunner.java:455)
	at org.testng.SuiteRunner.runSequentially(SuiteRunner.java:450)
	at org.testng.SuiteRunner.privateRun(SuiteRunner.java:415)
	at org.testng.SuiteRunner.run(SuiteRunner.java:364)
	at org.testng.SuiteRunnerWorker.runSuite(SuiteRunnerWorker.java:52)
	at org.testng.SuiteRunnerWorker.run(SuiteRunnerWorker.java:84)
	at org.testng.TestNG.runSuitesSequentially(TestNG.java:1208)
	at org.testng.TestNG.runSuitesLocally(TestNG.java:1137)
	at org.testng.TestNG.runSuites(TestNG.java:1049)
	at org.testng.TestNG.run(TestNG.java:1017)
	at org.testng.remote.AbstractRemoteTestNG.run(AbstractRemoteTestNG.java:114)
	at org.testng.remote.RemoteTestNG.initAndRun(RemoteTestNG.java:251)
	at org.testng.remote.RemoteTestNG.main(RemoteTestNG.java:77)
</pre></div></td>
<td>0</td>
<td>com_edl_uat_api_testcases.TC007_shareclasses_id_NAV@1fffcd7</td></tr>
<tr>
<td title='com_edl_uat_api_testcases.TC008_shareclasses_id_perf_standard.checkStatusCode()'><b>checkStatusCode</b><br>Test class: com_edl_uat_api_testcases.TC008_shareclasses_id_perf_standard</td>
<td><div><pre>java.lang.NullPointerException
	at Lib.XLUtil.getCellData(XLUtil.java:88)
	at com_edl_uat_api_testcases.TC008_shareclasses_id_perf_standard.getshareclass_perf_standard(TC008_shareclasses_id_perf_standard.java:35)
... Removed 26 stack frames</pre></div><a href='#' onClick='toggleBox("stack-trace10288350", this, "Click to show all stack frames", "Click to hide stack frames")'>Click to show all stack frames</a>
<div class='stack-trace' id='stack-trace10288350'><pre>java.lang.NullPointerException
	at Lib.XLUtil.getCellData(XLUtil.java:88)
	at com_edl_uat_api_testcases.TC008_shareclasses_id_perf_standard.getshareclass_perf_standard(TC008_shareclasses_id_perf_standard.java:35)
	at sun.reflect.NativeMethodAccessorImpl.invoke0(Native Method)
	at sun.reflect.NativeMethodAccessorImpl.invoke(Unknown Source)
	at sun.reflect.DelegatingMethodAccessorImpl.invoke(Unknown Source)
	at java.lang.reflect.Method.invoke(Unknown Source)
	at org.testng.internal.MethodInvocationHelper.invokeMethod(MethodInvocationHelper.java:124)
	at org.testng.internal.MethodInvocationHelper.invokeMethodConsideringTimeout(MethodInvocationHelper.java:59)
	at org.testng.internal.Invoker.invokeConfigurationMethod(Invoker.java:455)
	at org.testng.internal.Invoker.invokeConfigurations(Invoker.java:222)
	at org.testng.internal.Invoker.invokeConfigurations(Invoker.java:142)
	at org.testng.internal.TestMethodWorker.invokeBeforeClassMethods(TestMethodWorker.java:168)
	at org.testng.internal.TestMethodWorker.run(TestMethodWorker.java:105)
	at org.testng.TestRunner.privateRun(TestRunner.java:648)
	at org.testng.TestRunner.run(TestRunner.java:505)
	at org.testng.SuiteRunner.runTest(SuiteRunner.java:455)
	at org.testng.SuiteRunner.runSequentially(SuiteRunner.java:450)
	at org.testng.SuiteRunner.privateRun(SuiteRunner.java:415)
	at org.testng.SuiteRunner.run(SuiteRunner.java:364)
	at org.testng.SuiteRunnerWorker.runSuite(SuiteRunnerWorker.java:52)
	at org.testng.SuiteRunnerWorker.run(SuiteRunnerWorker.java:84)
	at org.testng.TestNG.runSuitesSequentially(TestNG.java:1208)
	at org.testng.TestNG.runSuitesLocally(TestNG.java:1137)
	at org.testng.TestNG.runSuites(TestNG.java:1049)
	at org.testng.TestNG.run(TestNG.java:1017)
	at org.testng.remote.AbstractRemoteTestNG.run(AbstractRemoteTestNG.java:114)
	at org.testng.remote.RemoteTestNG.initAndRun(RemoteTestNG.java:251)
	at org.testng.remote.RemoteTestNG.main(RemoteTestNG.java:77)
</pre></div></td>
<td>0</td>
<td>com_edl_uat_api_testcases.TC008_shareclasses_id_perf_standard@1ef45e3</td></tr>
<tr>
<td title='com_edl_uat_api_testcases.TC009_shareclasses_id_perf_rolling.checkStatusCode()'><b>checkStatusCode</b><br>Test class: com_edl_uat_api_testcases.TC009_shareclasses_id_perf_rolling</td>
<td><div><pre>java.lang.NullPointerException
	at Lib.XLUtil.getCellData(XLUtil.java:88)
	at com_edl_uat_api_testcases.TC009_shareclasses_id_perf_rolling.shareclasses_id_perf_rolling(TC009_shareclasses_id_perf_rolling.java:34)
... Removed 26 stack frames</pre></div><a href='#' onClick='toggleBox("stack-trace1726130", this, "Click to show all stack frames", "Click to hide stack frames")'>Click to show all stack frames</a>
<div class='stack-trace' id='stack-trace1726130'><pre>java.lang.NullPointerException
	at Lib.XLUtil.getCellData(XLUtil.java:88)
	at com_edl_uat_api_testcases.TC009_shareclasses_id_perf_rolling.shareclasses_id_perf_rolling(TC009_shareclasses_id_perf_rolling.java:34)
	at sun.reflect.NativeMethodAccessorImpl.invoke0(Native Method)
	at sun.reflect.NativeMethodAccessorImpl.invoke(Unknown Source)
	at sun.reflect.DelegatingMethodAccessorImpl.invoke(Unknown Source)
	at java.lang.reflect.Method.invoke(Unknown Source)
	at org.testng.internal.MethodInvocationHelper.invokeMethod(MethodInvocationHelper.java:124)
	at org.testng.internal.MethodInvocationHelper.invokeMethodConsideringTimeout(MethodInvocationHelper.java:59)
	at org.testng.internal.Invoker.invokeConfigurationMethod(Invoker.java:455)
	at org.testng.internal.Invoker.invokeConfigurations(Invoker.java:222)
	at org.testng.internal.Invoker.invokeConfigurations(Invoker.java:142)
	at org.testng.internal.TestMethodWorker.invokeBeforeClassMethods(TestMethodWorker.java:168)
	at org.testng.internal.TestMethodWorker.run(TestMethodWorker.java:105)
	at org.testng.TestRunner.privateRun(TestRunner.java:648)
	at org.testng.TestRunner.run(TestRunner.java:505)
	at org.testng.SuiteRunner.runTest(SuiteRunner.java:455)
	at org.testng.SuiteRunner.runSequentially(SuiteRunner.java:450)
	at org.testng.SuiteRunner.privateRun(SuiteRunner.java:415)
	at org.testng.SuiteRunner.run(SuiteRunner.java:364)
	at org.testng.SuiteRunnerWorker.runSuite(SuiteRunnerWorker.java:52)
	at org.testng.SuiteRunnerWorker.run(SuiteRunnerWorker.java:84)
	at org.testng.TestNG.runSuitesSequentially(TestNG.java:1208)
	at org.testng.TestNG.runSuitesLocally(TestNG.java:1137)
	at org.testng.TestNG.runSuites(TestNG.java:1049)
	at org.testng.TestNG.run(TestNG.java:1017)
	at org.testng.remote.AbstractRemoteTestNG.run(AbstractRemoteTestNG.java:114)
	at org.testng.remote.RemoteTestNG.initAndRun(RemoteTestNG.java:251)
	at org.testng.remote.RemoteTestNG.main(RemoteTestNG.java:77)
</pre></div></td>
<td>0</td>
<td>com_edl_uat_api_testcases.TC009_shareclasses_id_perf_rolling@18067a5</td></tr>
<tr>
<td title='com_edl_uat_api_testcases.TC0010_shareclasses_id_perf_growth.checkStatusCode()'><b>checkStatusCode</b><br>Test class: com_edl_uat_api_testcases.TC0010_shareclasses_id_perf_growth</td>
<td><div><pre>java.lang.NullPointerException
	at Lib.XLUtil.getCellData(XLUtil.java:88)
	at com_edl_uat_api_testcases.TC0010_shareclasses_id_perf_growth.shareclasses_id_perf_growth(TC0010_shareclasses_id_perf_growth.java:35)
... Removed 26 stack frames</pre></div><a href='#' onClick='toggleBox("stack-trace19054268", this, "Click to show all stack frames", "Click to hide stack frames")'>Click to show all stack frames</a>
<div class='stack-trace' id='stack-trace19054268'><pre>java.lang.NullPointerException
	at Lib.XLUtil.getCellData(XLUtil.java:88)
	at com_edl_uat_api_testcases.TC0010_shareclasses_id_perf_growth.shareclasses_id_perf_growth(TC0010_shareclasses_id_perf_growth.java:35)
	at sun.reflect.NativeMethodAccessorImpl.invoke0(Native Method)
	at sun.reflect.NativeMethodAccessorImpl.invoke(Unknown Source)
	at sun.reflect.DelegatingMethodAccessorImpl.invoke(Unknown Source)
	at java.lang.reflect.Method.invoke(Unknown Source)
	at org.testng.internal.MethodInvocationHelper.invokeMethod(MethodInvocationHelper.java:124)
	at org.testng.internal.MethodInvocationHelper.invokeMethodConsideringTimeout(MethodInvocationHelper.java:59)
	at org.testng.internal.Invoker.invokeConfigurationMethod(Invoker.java:455)
	at org.testng.internal.Invoker.invokeConfigurations(Invoker.java:222)
	at org.testng.internal.Invoker.invokeConfigurations(Invoker.java:142)
	at org.testng.internal.TestMethodWorker.invokeBeforeClassMethods(TestMethodWorker.java:168)
	at org.testng.internal.TestMethodWorker.run(TestMethodWorker.java:105)
	at org.testng.TestRunner.privateRun(TestRunner.java:648)
	at org.testng.TestRunner.run(TestRunner.java:505)
	at org.testng.SuiteRunner.runTest(SuiteRunner.java:455)
	at org.testng.SuiteRunner.runSequentially(SuiteRunner.java:450)
	at org.testng.SuiteRunner.privateRun(SuiteRunner.java:415)
	at org.testng.SuiteRunner.run(SuiteRunner.java:364)
	at org.testng.SuiteRunnerWorker.runSuite(SuiteRunnerWorker.java:52)
	at org.testng.SuiteRunnerWorker.run(SuiteRunnerWorker.java:84)
	at org.testng.TestNG.runSuitesSequentially(TestNG.java:1208)
	at org.testng.TestNG.runSuitesLocally(TestNG.java:1137)
	at org.testng.TestNG.runSuites(TestNG.java:1049)
	at org.testng.TestNG.run(TestNG.java:1017)
	at org.testng.remote.AbstractRemoteTestNG.run(AbstractRemoteTestNG.java:114)
	at org.testng.remote.RemoteTestNG.initAndRun(RemoteTestNG.java:251)
	at org.testng.remote.RemoteTestNG.main(RemoteTestNG.java:77)
</pre></div></td>
<td>0</td>
<td>com_edl_uat_api_testcases.TC0010_shareclasses_id_perf_growth@ecd4b</td></tr>
<tr>
<td title='com_edl_uat_api_testcases.TC0011_shareclasses_id_syn_Riskindicator.checkStatusCode()'><b>checkStatusCode</b><br>Test class: com_edl_uat_api_testcases.TC0011_shareclasses_id_syn_Riskindicator</td>
<td><div><pre>java.lang.NullPointerException
	at Lib.XLUtil.getCellData(XLUtil.java:88)
	at com_edl_uat_api_testcases.TC0011_shareclasses_id_syn_Riskindicator.shareclasses_id_syn_Riskindicator(TC0011_shareclasses_id_syn_Riskindicator.java:35)
... Removed 26 stack frames</pre></div><a href='#' onClick='toggleBox("stack-trace7976139", this, "Click to show all stack frames", "Click to hide stack frames")'>Click to show all stack frames</a>
<div class='stack-trace' id='stack-trace7976139'><pre>java.lang.NullPointerException
	at Lib.XLUtil.getCellData(XLUtil.java:88)
	at com_edl_uat_api_testcases.TC0011_shareclasses_id_syn_Riskindicator.shareclasses_id_syn_Riskindicator(TC0011_shareclasses_id_syn_Riskindicator.java:35)
	at sun.reflect.NativeMethodAccessorImpl.invoke0(Native Method)
	at sun.reflect.NativeMethodAccessorImpl.invoke(Unknown Source)
	at sun.reflect.DelegatingMethodAccessorImpl.invoke(Unknown Source)
	at java.lang.reflect.Method.invoke(Unknown Source)
	at org.testng.internal.MethodInvocationHelper.invokeMethod(MethodInvocationHelper.java:124)
	at org.testng.internal.MethodInvocationHelper.invokeMethodConsideringTimeout(MethodInvocationHelper.java:59)
	at org.testng.internal.Invoker.invokeConfigurationMethod(Invoker.java:455)
	at org.testng.internal.Invoker.invokeConfigurations(Invoker.java:222)
	at org.testng.internal.Invoker.invokeConfigurations(Invoker.java:142)
	at org.testng.internal.TestMethodWorker.invokeBeforeClassMethods(TestMethodWorker.java:168)
	at org.testng.internal.TestMethodWorker.run(TestMethodWorker.java:105)
	at org.testng.TestRunner.privateRun(TestRunner.java:648)
	at org.testng.TestRunner.run(TestRunner.java:505)
	at org.testng.SuiteRunner.runTest(SuiteRunner.java:455)
	at org.testng.SuiteRunner.runSequentially(SuiteRunner.java:450)
	at org.testng.SuiteRunner.privateRun(SuiteRunner.java:415)
	at org.testng.SuiteRunner.run(SuiteRunner.java:364)
	at org.testng.SuiteRunnerWorker.runSuite(SuiteRunnerWorker.java:52)
	at org.testng.SuiteRunnerWorker.run(SuiteRunnerWorker.java:84)
	at org.testng.TestNG.runSuitesSequentially(TestNG.java:1208)
	at org.testng.TestNG.runSuitesLocally(TestNG.java:1137)
	at org.testng.TestNG.runSuites(TestNG.java:1049)
	at org.testng.TestNG.run(TestNG.java:1017)
	at org.testng.remote.AbstractRemoteTestNG.run(AbstractRemoteTestNG.java:114)
	at org.testng.remote.RemoteTestNG.initAndRun(RemoteTestNG.java:251)
	at org.testng.remote.RemoteTestNG.main(RemoteTestNG.java:77)
</pre></div></td>
<td>0</td>
<td>com_edl_uat_api_testcases.TC0011_shareclasses_id_syn_Riskindicator@bf9759</td></tr>
<tr>
<td title='com_edl_uat_api_testcases.TC0012_shareclasses_id_rankings.checkStatusCode()'><b>checkStatusCode</b><br>Test class: com_edl_uat_api_testcases.TC0012_shareclasses_id_rankings</td>
<td><div><pre>java.lang.NullPointerException
	at Lib.XLUtil.getCellData(XLUtil.java:88)
	at com_edl_uat_api_testcases.TC0012_shareclasses_id_rankings.shareclasses_id_rankings(TC0012_shareclasses_id_rankings.java:34)
... Removed 26 stack frames</pre></div><a href='#' onClick='toggleBox("stack-trace10488295", this, "Click to show all stack frames", "Click to hide stack frames")'>Click to show all stack frames</a>
<div class='stack-trace' id='stack-trace10488295'><pre>java.lang.NullPointerException
	at Lib.XLUtil.getCellData(XLUtil.java:88)
	at com_edl_uat_api_testcases.TC0012_shareclasses_id_rankings.shareclasses_id_rankings(TC0012_shareclasses_id_rankings.java:34)
	at sun.reflect.NativeMethodAccessorImpl.invoke0(Native Method)
	at sun.reflect.NativeMethodAccessorImpl.invoke(Unknown Source)
	at sun.reflect.DelegatingMethodAccessorImpl.invoke(Unknown Source)
	at java.lang.reflect.Method.invoke(Unknown Source)
	at org.testng.internal.MethodInvocationHelper.invokeMethod(MethodInvocationHelper.java:124)
	at org.testng.internal.MethodInvocationHelper.invokeMethodConsideringTimeout(MethodInvocationHelper.java:59)
	at org.testng.internal.Invoker.invokeConfigurationMethod(Invoker.java:455)
	at org.testng.internal.Invoker.invokeConfigurations(Invoker.java:222)
	at org.testng.internal.Invoker.invokeConfigurations(Invoker.java:142)
	at org.testng.internal.TestMethodWorker.invokeBeforeClassMethods(TestMethodWorker.java:168)
	at org.testng.internal.TestMethodWorker.run(TestMethodWorker.java:105)
	at org.testng.TestRunner.privateRun(TestRunner.java:648)
	at org.testng.TestRunner.run(TestRunner.java:505)
	at org.testng.SuiteRunner.runTest(SuiteRunner.java:455)
	at org.testng.SuiteRunner.runSequentially(SuiteRunner.java:450)
	at org.testng.SuiteRunner.privateRun(SuiteRunner.java:415)
	at org.testng.SuiteRunner.run(SuiteRunner.java:364)
	at org.testng.SuiteRunnerWorker.runSuite(SuiteRunnerWorker.java:52)
	at org.testng.SuiteRunnerWorker.run(SuiteRunnerWorker.java:84)
	at org.testng.TestNG.runSuitesSequentially(TestNG.java:1208)
	at org.testng.TestNG.runSuitesLocally(TestNG.java:1137)
	at org.testng.TestNG.runSuites(TestNG.java:1049)
	at org.testng.TestNG.run(TestNG.java:1017)
	at org.testng.remote.AbstractRemoteTestNG.run(AbstractRemoteTestNG.java:114)
	at org.testng.remote.RemoteTestNG.initAndRun(RemoteTestNG.java:251)
	at org.testng.remote.RemoteTestNG.main(RemoteTestNG.java:77)
</pre></div></td>
<td>0</td>
<td>com_edl_uat_api_testcases.TC0012_shareclasses_id_rankings@1341870</td></tr>
<tr>
<td title='com_edl_uat_api_testcases.TC0013_shareclasses_id_ratings.checkStatusCode()'><b>checkStatusCode</b><br>Test class: com_edl_uat_api_testcases.TC0013_shareclasses_id_ratings</td>
<td><div><pre>java.lang.NullPointerException
	at Lib.XLUtil.getCellData(XLUtil.java:88)
	at com_edl_uat_api_testcases.TC0013_shareclasses_id_ratings.shareclasses_id_ratings(TC0013_shareclasses_id_ratings.java:35)
... Removed 26 stack frames</pre></div><a href='#' onClick='toggleBox("stack-trace28343501", this, "Click to show all stack frames", "Click to hide stack frames")'>Click to show all stack frames</a>
<div class='stack-trace' id='stack-trace28343501'><pre>java.lang.NullPointerException
	at Lib.XLUtil.getCellData(XLUtil.java:88)
	at com_edl_uat_api_testcases.TC0013_shareclasses_id_ratings.shareclasses_id_ratings(TC0013_shareclasses_id_ratings.java:35)
	at sun.reflect.NativeMethodAccessorImpl.invoke0(Native Method)
	at sun.reflect.NativeMethodAccessorImpl.invoke(Unknown Source)
	at sun.reflect.DelegatingMethodAccessorImpl.invoke(Unknown Source)
	at java.lang.reflect.Method.invoke(Unknown Source)
	at org.testng.internal.MethodInvocationHelper.invokeMethod(MethodInvocationHelper.java:124)
	at org.testng.internal.MethodInvocationHelper.invokeMethodConsideringTimeout(MethodInvocationHelper.java:59)
	at org.testng.internal.Invoker.invokeConfigurationMethod(Invoker.java:455)
	at org.testng.internal.Invoker.invokeConfigurations(Invoker.java:222)
	at org.testng.internal.Invoker.invokeConfigurations(Invoker.java:142)
	at org.testng.internal.TestMethodWorker.invokeBeforeClassMethods(TestMethodWorker.java:168)
	at org.testng.internal.TestMethodWorker.run(TestMethodWorker.java:105)
	at org.testng.TestRunner.privateRun(TestRunner.java:648)
	at org.testng.TestRunner.run(TestRunner.java:505)
	at org.testng.SuiteRunner.runTest(SuiteRunner.java:455)
	at org.testng.SuiteRunner.runSequentially(SuiteRunner.java:450)
	at org.testng.SuiteRunner.privateRun(SuiteRunner.java:415)
	at org.testng.SuiteRunner.run(SuiteRunner.java:364)
	at org.testng.SuiteRunnerWorker.runSuite(SuiteRunnerWorker.java:52)
	at org.testng.SuiteRunnerWorker.run(SuiteRunnerWorker.java:84)
	at org.testng.TestNG.runSuitesSequentially(TestNG.java:1208)
	at org.testng.TestNG.runSuitesLocally(TestNG.java:1137)
	at org.testng.TestNG.runSuites(TestNG.java:1049)
	at org.testng.TestNG.run(TestNG.java:1017)
	at org.testng.remote.AbstractRemoteTestNG.run(AbstractRemoteTestNG.java:114)
	at org.testng.remote.RemoteTestNG.initAndRun(RemoteTestNG.java:251)
	at org.testng.remote.RemoteTestNG.main(RemoteTestNG.java:77)
</pre></div></td>
<td>0</td>
<td>com_edl_uat_api_testcases.TC0013_shareclasses_id_ratings@153f17c</td></tr>
</table><p>
</body>
</html>