<?xml version="1.0" encoding="UTF-8"?>
<testng-results skipped="0" failed="1" ignored="0" total="3" passed="2">
  <reporter-output>
  </reporter-output>
  <suite name="Default suite" duration-ms="88908" started-at="2019-12-10T08:03:38Z" finished-at="2019-12-10T08:05:07Z">
    <groups>
    </groups>
    <test name="Default test" duration-ms="88908" started-at="2019-12-10T08:03:38Z" finished-at="2019-12-10T08:05:07Z">
      <class name="com_edl_uat_api_testcases.TC0010_shareclasses_id_perf_growth">
        <test-method status="PASS" signature="setup()[pri:0, instance:com_edl_uat_api_testcases.TC0010_shareclasses_id_perf_growth@93dd95]" name="setup" is-config="true" duration-ms="295" started-at="2019-12-10T08:03:38Z" finished-at="2019-12-10T08:03:38Z">
          <reporter-output>
          </reporter-output>
        </test-method> <!-- setup -->
        <test-method status="PASS" signature="shareclasses_id_perf_growth()[pri:0, instance:com_edl_uat_api_testcases.TC0010_shareclasses_id_perf_growth@93dd95]" name="shareclasses_id_perf_growth" is-config="true" duration-ms="85537" started-at="2019-12-10T08:03:38Z" finished-at="2019-12-10T08:05:04Z">
          <reporter-output>
          </reporter-output>
        </test-method> <!-- shareclasses_id_perf_growth -->
        <test-method status="PASS" signature="ExtractallData()[pri:0, instance:com_edl_uat_api_testcases.TC0010_shareclasses_id_perf_growth@93dd95]" name="ExtractallData" duration-ms="3021" started-at="2019-12-10T08:05:04Z" finished-at="2019-12-10T08:05:07Z">
          <reporter-output>
          </reporter-output>
        </test-method> <!-- ExtractallData -->
        <test-method status="PASS" signature="checkResponseBody()[pri:0, instance:com_edl_uat_api_testcases.TC0010_shareclasses_id_perf_growth@93dd95]" name="checkResponseBody" duration-ms="5" started-at="2019-12-10T08:05:07Z" finished-at="2019-12-10T08:05:07Z">
          <reporter-output>
          </reporter-output>
        </test-method> <!-- checkResponseBody -->
        <test-method status="FAIL" signature="checkStatusCode()[pri:0, instance:com_edl_uat_api_testcases.TC0010_shareclasses_id_perf_growth@93dd95]" name="checkStatusCode" duration-ms="6" started-at="2019-12-10T08:05:07Z" finished-at="2019-12-10T08:05:07Z">
          <exception class="java.lang.AssertionError">
            <message>
              <![CDATA[expected [200] but found [404]]]>
            </message>
            <full-stacktrace>
              <![CDATA[java.lang.AssertionError: expected [200] but found [404]
at org.testng.Assert.fail(Assert.java:96)
at org.testng.Assert.failNotEquals(Assert.java:776)
at org.testng.Assert.assertEqualsImpl(Assert.java:137)
at org.testng.Assert.assertEquals(Assert.java:118)
at org.testng.Assert.assertEquals(Assert.java:652)
at org.testng.Assert.assertEquals(Assert.java:662)
at com_edl_uat_api_testcases.TC0010_shareclasses_id_perf_growth.checkStatusCode(TC0010_shareclasses_id_perf_growth.java:94)
at sun.reflect.NativeMethodAccessorImpl.invoke0(Native Method)
at sun.reflect.NativeMethodAccessorImpl.invoke(Unknown Source)
at sun.reflect.DelegatingMethodAccessorImpl.invoke(Unknown Source)
at java.lang.reflect.Method.invoke(Unknown Source)
at org.testng.internal.MethodInvocationHelper.invokeMethod(MethodInvocationHelper.java:124)
at org.testng.internal.Invoker.invokeMethod(Invoker.java:580)
at org.testng.internal.Invoker.invokeTestMethod(Invoker.java:716)
at org.testng.internal.Invoker.invokeTestMethods(Invoker.java:988)
at org.testng.internal.TestMethodWorker.invokeTestMethods(TestMethodWorker.java:125)
at org.testng.internal.TestMethodWorker.run(TestMethodWorker.java:109)
at org.testng.TestRunner.privateRun(TestRunner.java:648)
at org.testng.TestRunner.run(TestRunner.java:505)
at org.testng.SuiteRunner.runTest(SuiteRunner.java:455)
at org.testng.SuiteRunner.runSequentially(SuiteRunner.java:450)
at org.testng.SuiteRunner.privateRun(SuiteRunner.java:415)
at org.testng.SuiteRunner.run(SuiteRunner.java:364)
at org.testng.SuiteRunnerWorker.runSuite(SuiteRunnerWorker.java:52)
at org.testng.SuiteRunnerWorker.run(SuiteRunnerWorker.java:84)
at org.testng.TestNG.runSuitesSequentially(TestNG.java:1208)
at org.testng.TestNG.runSuitesLocally(TestNG.java:1137)
at org.testng.TestNG.runSuites(TestNG.java:1049)
at org.testng.TestNG.run(TestNG.java:1017)
at org.testng.remote.AbstractRemoteTestNG.run(AbstractRemoteTestNG.java:114)
at org.testng.remote.RemoteTestNG.initAndRun(RemoteTestNG.java:251)
at org.testng.remote.RemoteTestNG.main(RemoteTestNG.java:77)
]]>
            </full-stacktrace>
          </exception> <!-- java.lang.AssertionError -->
          <reporter-output>
          </reporter-output>
        </test-method> <!-- checkStatusCode -->
        <test-method status="PASS" signature="tearDown()[pri:0, instance:com_edl_uat_api_testcases.TC0010_shareclasses_id_perf_growth@93dd95]" name="tearDown" is-config="true" duration-ms="0" started-at="2019-12-10T08:05:07Z" finished-at="2019-12-10T08:05:07Z">
          <reporter-output>
          </reporter-output>
        </test-method> <!-- tearDown -->
      </class> <!-- com_edl_uat_api_testcases.TC0010_shareclasses_id_perf_growth -->
    </test> <!-- Default test -->
  </suite> <!-- Default suite -->
</testng-results>
